<?xml version="1.0" encoding="UTF-8"?>
<coverage generated="1775660782029" clover="3.2.0">
  <project timestamp="1775660782029" name="All files">
    <metrics statements="271" coveredstatements="249" conditionals="37" coveredconditionals="31" methods="84" coveredmethods="82" elements="392" coveredelements="362" complexity="0" loc="271" ncloc="271" packages="6" files="14" classes="14"/>
    <package name="point_of_sale">
      <metrics statements="0" coveredstatements="0" conditionals="0" coveredconditionals="0" methods="0" coveredmethods="0"/>
      <file name="create-tables.sql" path="/Users/narekveranian/Documents/02 Studies/03 UofM study materials /COMP 2452/point_of_sale/create-tables.sql">
        <metrics statements="0" coveredstatements="0" conditionals="0" coveredconditionals="0" methods="0" coveredmethods="0"/>
      </file>
    </package>
    <package name="point_of_sale.src">
      <metrics statements="2" coveredstatements="2" conditionals="2" coveredconditionals="2" methods="2" coveredmethods="2"/>
      <file name="assertions.ts" path="/Users/narekveranian/Documents/02 Studies/03 UofM study materials /COMP 2452/point_of_sale/src/assertions.ts">
        <metrics statements="2" coveredstatements="2" conditionals="2" coveredconditionals="2" methods="2" coveredmethods="2"/>
        <line num="7" count="868" type="cond" truecount="2" falsecount="0"/>
        <line num="12" count="4" type="stmt"/>
      </file>
    </package>
    <package name="point_of_sale.src.model">
      <metrics statements="129" coveredstatements="128" conditionals="14" coveredconditionals="13" methods="39" coveredmethods="39"/>
      <file name="account.ts" path="/Users/narekveranian/Documents/02 Studies/03 UofM study materials /COMP 2452/point_of_sale/src/model/account.ts">
        <metrics statements="38" coveredstatements="37" conditionals="10" coveredconditionals="9" methods="8" coveredmethods="8"/>
        <line num="18" count="9" type="stmt"/>
        <line num="24" count="9" type="cond" truecount="2" falsecount="0"/>
        <line num="25" count="1" type="stmt"/>
        <line num="28" count="8" type="stmt"/>
        <line num="30" count="8" type="stmt"/>
        <line num="37" count="8" type="cond" truecount="2" falsecount="0"/>
        <line num="38" count="1" type="stmt"/>
        <line num="40" count="7" type="stmt"/>
        <line num="41" count="7" type="stmt"/>
        <line num="43" count="7" type="stmt"/>
        <line num="52" count="21" type="cond" truecount="3" falsecount="1"/>
        <line num="53" count="0" type="stmt"/>
        <line num="56" count="21" type="stmt"/>
        <line num="63" count="21" type="cond" truecount="2" falsecount="0"/>
        <line num="64" count="1" type="stmt"/>
        <line num="66" count="20" type="stmt"/>
        <line num="67" count="20" type="stmt"/>
        <line num="69" count="20" type="stmt"/>
        <line num="75" count="20" type="stmt"/>
        <line num="82" count="20" type="stmt"/>
        <line num="83" count="20" type="stmt"/>
        <line num="85" count="20" type="stmt"/>
        <line num="86" count="20" type="stmt"/>
        <line num="88" count="20" type="stmt"/>
        <line num="92" count="27" type="stmt"/>
        <line num="93" count="27" type="stmt"/>
        <line num="94" count="27" type="stmt"/>
        <line num="96" count="27" type="stmt"/>
        <line num="100" count="2" type="stmt"/>
        <line num="102" count="2" type="stmt"/>
        <line num="106" count="28" type="stmt"/>
        <line num="108" count="28" type="stmt"/>
        <line num="112" count="7" type="stmt"/>
        <line num="120" count="1" type="stmt"/>
        <line num="122" count="1" type="stmt"/>
        <line num="123" count="1" type="stmt"/>
        <line num="125" count="1" type="stmt"/>
        <line num="129" count="59" type="stmt"/>
      </file>
      <file name="cart.ts" path="/Users/narekveranian/Documents/02 Studies/03 UofM study materials /COMP 2452/point_of_sale/src/model/cart.ts">
        <metrics statements="46" coveredstatements="46" conditionals="2" coveredconditionals="2" methods="17" coveredmethods="17"/>
        <line num="24" count="7" type="stmt"/>
        <line num="26" count="7" type="stmt"/>
        <line num="30" count="7" type="stmt"/>
        <line num="32" count="7" type="stmt"/>
        <line num="33" count="7" type="stmt"/>
        <line num="35" count="7" type="stmt"/>
        <line num="39" count="27" type="stmt"/>
        <line num="40" count="27" type="stmt"/>
        <line num="41" count="27" type="stmt"/>
        <line num="43" count="27" type="stmt"/>
        <line num="47" count="14" type="stmt"/>
        <line num="49" count="14" type="stmt"/>
        <line num="53" count="5" type="stmt"/>
        <line num="55" count="5" type="stmt"/>
        <line num="59" count="4" type="stmt"/>
        <line num="61" count="4" type="stmt"/>
        <line num="65" count="20" type="stmt"/>
        <line num="67" count="20" type="stmt"/>
        <line num="69" count="20" type="stmt"/>
        <line num="77" count="9" type="stmt"/>
        <line num="79" count="9" type="stmt"/>
        <line num="80" count="9" type="stmt"/>
        <line num="82" count="9" type="stmt"/>
        <line num="84" count="9" type="stmt"/>
        <line num="92" count="5" type="stmt"/>
        <line num="94" count="5" type="stmt"/>
        <line num="95" count="5" type="stmt"/>
        <line num="97" count="4" type="stmt"/>
        <line num="99" count="4" type="stmt"/>
        <line num="107" count="4" type="stmt"/>
        <line num="109" count="4" type="stmt"/>
        <line num="110" count="4" type="stmt"/>
        <line num="112" count="4" type="stmt"/>
        <line num="113" count="4" type="stmt"/>
        <line num="114" count="4" type="stmt"/>
        <line num="115" count="4" type="stmt"/>
        <line num="116" count="4" type="stmt"/>
        <line num="118" count="4" type="stmt"/>
        <line num="120" count="4" type="stmt"/>
        <line num="128" count="1" type="stmt"/>
        <line num="130" count="1" type="stmt"/>
        <line num="132" count="1" type="stmt"/>
        <line num="139" count="16" type="stmt"/>
        <line num="141" count="16" type="stmt"/>
        <line num="143" count="16" type="stmt"/>
        <line num="150" count="158" type="cond" truecount="2" falsecount="0"/>
      </file>
      <file name="receipt.ts" path="/Users/narekveranian/Documents/02 Studies/03 UofM study materials /COMP 2452/point_of_sale/src/model/receipt.ts">
        <metrics statements="45" coveredstatements="45" conditionals="2" coveredconditionals="2" methods="14" coveredmethods="14"/>
        <line num="26" count="1" type="stmt"/>
        <line num="35" count="1" type="stmt"/>
        <line num="37" count="1" type="stmt"/>
        <line num="38" count="1" type="stmt"/>
        <line num="41" count="1" type="stmt"/>
        <line num="42" count="3" type="stmt"/>
        <line num="45" count="1" type="stmt"/>
        <line num="53" count="27" type="stmt"/>
        <line num="61" count="27" type="stmt"/>
        <line num="62" count="27" type="stmt"/>
        <line num="63" count="1" type="stmt"/>
        <line num="64" count="1" type="stmt"/>
        <line num="66" count="1" type="stmt"/>
        <line num="67" count="1" type="stmt"/>
        <line num="68" count="1" type="stmt"/>
        <line num="69" count="1" type="stmt"/>
        <line num="70" count="1" type="stmt"/>
        <line num="72" count="1" type="stmt"/>
        <line num="74" count="27" type="stmt"/>
        <line num="85" count="7" type="cond" truecount="2" falsecount="0"/>
        <line num="86" count="1" type="stmt"/>
        <line num="88" count="6" type="stmt"/>
        <line num="89" count="6" type="stmt"/>
        <line num="90" count="6" type="stmt"/>
        <line num="91" count="6" type="stmt"/>
        <line num="92" count="9" type="stmt"/>
        <line num="94" count="6" type="stmt"/>
        <line num="98" count="9" type="stmt"/>
        <line num="100" count="9" type="stmt"/>
        <line num="104" count="1" type="stmt"/>
        <line num="108" count="3" type="stmt"/>
        <line num="112" count="4" type="stmt"/>
        <line num="114" count="4" type="stmt"/>
        <line num="122" count="6" type="stmt"/>
        <line num="124" count="6" type="stmt"/>
        <line num="125" count="6" type="stmt"/>
        <line num="127" count="6" type="stmt"/>
        <line num="135" count="4" type="stmt"/>
        <line num="137" count="4" type="stmt"/>
        <line num="145" count="4" type="stmt"/>
        <line num="147" count="4" type="stmt"/>
        <line num="149" count="4" type="stmt"/>
        <line num="156" count="39" type="stmt"/>
        <line num="157" count="39" type="stmt"/>
        <line num="158" count="39" type="stmt"/>
      </file>
    </package>
    <package name="point_of_sale.src.model.assets">
      <metrics statements="6" coveredstatements="6" conditionals="4" coveredconditionals="3" methods="2" coveredmethods="2"/>
      <file name="connection.ts" path="/Users/narekveranian/Documents/02 Studies/03 UofM study materials /COMP 2452/point_of_sale/src/model/assets/connection.ts">
        <metrics statements="5" coveredstatements="5" conditionals="2" coveredconditionals="1" methods="1" coveredmethods="1"/>
        <line num="5" count="6" type="stmt"/>
        <line num="6" count="6" type="stmt"/>
        <line num="10" count="6" type="cond" truecount="1" falsecount="1"/>
        <line num="11" count="6" type="stmt"/>
        <line num="15" count="191" type="stmt"/>
      </file>
      <file name="storage-type.ts" path="/Users/narekveranian/Documents/02 Studies/03 UofM study materials /COMP 2452/point_of_sale/src/model/assets/storage-type.ts">
        <metrics statements="1" coveredstatements="1" conditionals="2" coveredconditionals="2" methods="1" coveredmethods="1"/>
        <line num="6" count="6" type="cond" truecount="2" falsecount="0"/>
      </file>
    </package>
    <package name="point_of_sale.src.model.coupon">
      <metrics statements="72" coveredstatements="58" conditionals="11" coveredconditionals="7" methods="21" coveredmethods="19"/>
      <file name="bogo.ts" path="/Users/narekveranian/Documents/02 Studies/03 UofM study materials /COMP 2452/point_of_sale/src/model/coupon/bogo.ts">
        <metrics statements="10" coveredstatements="10" conditionals="0" coveredconditionals="0" methods="3" coveredmethods="3"/>
        <line num="14" count="10" type="stmt"/>
        <line num="15" count="10" type="stmt"/>
        <line num="16" count="10" type="stmt"/>
        <line num="18" count="10" type="stmt"/>
        <line num="28" count="3" type="stmt"/>
        <line num="30" count="3" type="stmt"/>
        <line num="31" count="3" type="stmt"/>
        <line num="32" count="3" type="stmt"/>
        <line num="34" count="3" type="stmt"/>
        <line num="38" count="1" type="stmt"/>
      </file>
      <file name="coupon.ts" path="/Users/narekveranian/Documents/02 Studies/03 UofM study materials /COMP 2452/point_of_sale/src/model/coupon/coupon.ts">
        <metrics statements="51" coveredstatements="37" conditionals="11" coveredconditionals="7" methods="14" coveredmethods="12"/>
        <line num="22" count="6" type="stmt"/>
        <line num="23" count="6" type="stmt"/>
        <line num="25" count="6" type="cond" truecount="3" falsecount="0"/>
        <line num="27" count="3" type="stmt"/>
        <line num="29" count="2" type="stmt"/>
        <line num="31" count="1" type="stmt"/>
        <line num="42" count="5" type="stmt"/>
        <line num="51" count="5" type="stmt"/>
        <line num="67" count="5" type="stmt"/>
        <line num="69" count="5" type="stmt"/>
        <line num="76" count="0" type="stmt"/>
        <line num="87" count="0" type="stmt"/>
        <line num="94" count="0" type="stmt"/>
        <line num="95" count="0" type="stmt"/>
        <line num="96" count="0" type="stmt"/>
        <line num="98" count="0" type="stmt"/>
        <line num="99" count="0" type="stmt"/>
        <line num="102" count="0" type="cond" truecount="0" falsecount="2"/>
        <line num="103" count="0" type="stmt"/>
        <line num="106" count="0" type="cond" truecount="0" falsecount="2"/>
        <line num="107" count="0" type="stmt"/>
        <line num="109" count="0" type="stmt"/>
        <line num="117" count="0" type="stmt"/>
        <line num="120" count="0" type="stmt"/>
        <line num="129" count="8" type="stmt"/>
        <line num="136" count="8" type="stmt"/>
        <line num="148" count="8" type="stmt"/>
        <line num="149" count="8" type="stmt"/>
        <line num="150" count="3" type="stmt"/>
        <line num="152" count="12" type="stmt"/>
        <line num="153" count="12" type="stmt"/>
        <line num="156" count="3" type="cond" truecount="2" falsecount="0"/>
        <line num="157" count="2" type="stmt"/>
        <line num="160" count="3" type="cond" truecount="2" falsecount="0"/>
        <line num="161" count="2" type="stmt"/>
        <line num="163" count="3" type="stmt"/>
        <line num="171" count="3" type="stmt"/>
        <line num="172" count="3" type="stmt"/>
        <line num="175" count="3" type="stmt"/>
        <line num="183" count="2" type="stmt"/>
        <line num="187" count="16" type="stmt"/>
        <line num="188" count="16" type="stmt"/>
        <line num="190" count="16" type="stmt"/>
        <line num="194" count="2" type="stmt"/>
        <line num="196" count="2" type="stmt"/>
        <line num="200" count="13" type="stmt"/>
        <line num="202" count="13" type="stmt"/>
        <line num="206" count="7" type="stmt"/>
        <line num="208" count="7" type="stmt"/>
        <line num="220" count="56" type="stmt"/>
        <line num="221" count="56" type="stmt"/>
      </file>
      <file name="discount.ts" path="/Users/narekveranian/Documents/02 Studies/03 UofM study materials /COMP 2452/point_of_sale/src/model/coupon/discount.ts">
        <metrics statements="11" coveredstatements="11" conditionals="0" coveredconditionals="0" methods="4" coveredmethods="4"/>
        <line num="9" count="6" type="stmt"/>
        <line num="10" count="6" type="stmt"/>
        <line num="12" count="6" type="stmt"/>
        <line num="20" count="1" type="stmt"/>
        <line num="21" count="1" type="stmt"/>
        <line num="23" count="1" type="stmt"/>
        <line num="25" count="1" type="stmt"/>
        <line num="26" count="1" type="stmt"/>
        <line num="30" count="8" type="stmt"/>
        <line num="31" count="8" type="stmt"/>
        <line num="35" count="1" type="stmt"/>
      </file>
    </package>
    <package name="point_of_sale.src.model.product">
      <metrics statements="62" coveredstatements="55" conditionals="6" coveredconditionals="6" methods="20" coveredmethods="20"/>
      <file name="product.ts" path="/Users/narekveranian/Documents/02 Studies/03 UofM study materials /COMP 2452/point_of_sale/src/model/product/product.ts">
        <metrics statements="55" coveredstatements="48" conditionals="6" coveredconditionals="6" methods="14" coveredmethods="14"/>
        <line num="10" count="6" type="stmt"/>
        <line num="27" count="15" type="stmt"/>
        <line num="28" count="15" type="stmt"/>
        <line num="29" count="15" type="stmt"/>
        <line num="31" count="15" type="cond" truecount="4" falsecount="0"/>
        <line num="33" count="3" type="stmt"/>
        <line num="35" count="1" type="stmt"/>
        <line num="37" count="10" type="stmt"/>
        <line num="39" count="1" type="stmt"/>
        <line num="50" count="12" type="stmt"/>
        <line num="54" count="12" type="stmt"/>
        <line num="60" count="12" type="stmt"/>
        <line num="62" count="12" type="stmt"/>
        <line num="69" count="0" type="stmt"/>
        <line num="76" count="0" type="stmt"/>
        <line num="77" count="0" type="stmt"/>
        <line num="78" count="0" type="stmt"/>
        <line num="79" count="0" type="stmt"/>
        <line num="80" count="0" type="stmt"/>
        <line num="82" count="0" type="stmt"/>
        <line num="91" count="8" type="stmt"/>
        <line num="98" count="8" type="stmt"/>
        <line num="106" count="8" type="stmt"/>
        <line num="107" count="8" type="stmt"/>
        <line num="108" count="7" type="stmt"/>
        <line num="109" count="14" type="stmt"/>
        <line num="110" count="7" type="stmt"/>
        <line num="112" count="7" type="stmt"/>
        <line num="114" count="7" type="stmt"/>
        <line num="117" count="7" type="stmt"/>
        <line num="125" count="4" type="stmt"/>
        <line num="129" count="40" type="stmt"/>
        <line num="130" count="40" type="stmt"/>
        <line num="131" count="40" type="stmt"/>
        <line num="132" count="40" type="stmt"/>
        <line num="134" count="40" type="stmt"/>
        <line num="138" count="4" type="stmt"/>
        <line num="140" count="4" type="stmt"/>
        <line num="144" count="12" type="stmt"/>
        <line num="146" count="12" type="stmt"/>
        <line num="150" count="3" type="stmt"/>
        <line num="152" count="3" type="stmt"/>
        <line num="156" count="21" type="stmt"/>
        <line num="158" count="21" type="stmt"/>
        <line num="162" count="19" type="stmt"/>
        <line num="164" count="19" type="stmt"/>
        <line num="168" count="3" type="cond" truecount="2" falsecount="0"/>
        <line num="169" count="2" type="stmt"/>
        <line num="171" count="1" type="stmt"/>
        <line num="173" count="1" type="stmt"/>
        <line num="175" count="1" type="stmt"/>
        <line num="184" count="101" type="stmt"/>
        <line num="185" count="101" type="stmt"/>
        <line num="186" count="101" type="stmt"/>
        <line num="187" count="101" type="stmt"/>
      </file>
      <file name="shoes.ts" path="/Users/narekveranian/Documents/02 Studies/03 UofM study materials /COMP 2452/point_of_sale/src/model/product/shoes.ts">
        <metrics statements="2" coveredstatements="2" conditionals="0" coveredconditionals="0" methods="2" coveredmethods="2"/>
        <line num="9" count="10" type="stmt"/>
        <line num="13" count="1" type="stmt"/>
      </file>
      <file name="snacks.ts" path="/Users/narekveranian/Documents/02 Studies/03 UofM study materials /COMP 2452/point_of_sale/src/model/product/snacks.ts">
        <metrics statements="3" coveredstatements="3" conditionals="0" coveredconditionals="0" methods="2" coveredmethods="2"/>
        <line num="4" count="4" type="stmt"/>
        <line num="7" count="3" type="stmt"/>
        <line num="11" count="1" type="stmt"/>
      </file>
      <file name="tracksuit.ts" path="/Users/narekveranian/Documents/02 Studies/03 UofM study materials /COMP 2452/point_of_sale/src/model/product/tracksuit.ts">
        <metrics statements="2" coveredstatements="2" conditionals="0" coveredconditionals="0" methods="2" coveredmethods="2"/>
        <line num="9" count="27" type="stmt"/>
        <line num="13" count="1" type="stmt"/>
      </file>
    </package>
  </project>
</coverage>
