{"/Users/narekveranian/Documents/02 Studies/03 UofM study materials /COMP 2452/point_of_sale/public/Tracksuit.png": {"path":"/Users/narekveranian/Documents/02 Studies/03 UofM study materials /COMP 2452/point_of_sale/public/Tracksuit.png","statementMap":{},"fnMap":{},"branchMap":{},"s":{},"f":{},"b":{},"meta":{"lastBranch":0,"lastFunction":0,"lastStatement":0,"seen":{}}}
,"/Users/narekveranian/Documents/02 Studies/03 UofM study materials /COMP 2452/point_of_sale/src/assertions.ts": {"path":"/Users/narekveranian/Documents/02 Studies/03 UofM study materials /COMP 2452/point_of_sale/src/assertions.ts","statementMap":{"0":{"start":{"line":7,"column":4},"end":{"line":7,"column":null}},"1":{"start":{"line":7,"column":13},"end":{"line":7,"column":null}},"2":{"start":{"line":12,"column":8},"end":{"line":12,"column":null}}},"fnMap":{"0":{"name":"assert","decl":{"start":{"line":6,"column":16},"end":{"line":6,"column":23}},"loc":{"start":{"line":6,"column":63},"end":{"line":8,"column":null}},"line":6},"1":{"name":"(anonymous_1)","decl":{"start":{"line":11,"column":4},"end":{"line":11,"column":16}},"loc":{"start":{"line":11,"column":33},"end":{"line":13,"column":null}},"line":11}},"branchMap":{"0":{"loc":{"start":{"line":7,"column":4},"end":{"line":7,"column":null}},"type":"if","locations":[{"start":{"line":7,"column":4},"end":{"line":7,"column":null}},{"start":{},"end":{}}],"line":7}},"s":{"0":11,"1":1,"2":1},"f":{"0":11,"1":1},"b":{"0":[1,10]},"meta":{"lastBranch":1,"lastFunction":2,"lastStatement":3,"seen":{"f:6:16:6:23":0,"b:7:4:7:Infinity:undefined:undefined:undefined:undefined":0,"s:7:4:7:Infinity":0,"s:7:13:7:Infinity":1,"f:11:4:11:16":1,"s:12:8:12:Infinity":2}}}
,"/Users/narekveranian/Documents/02 Studies/03 UofM study materials /COMP 2452/point_of_sale/src/model/cart.ts": {"path":"/Users/narekveranian/Documents/02 Studies/03 UofM study materials /COMP 2452/point_of_sale/src/model/cart.ts","statementMap":{"0":{"start":{"line":14,"column":8},"end":{"line":14,"column":null}},"1":{"start":{"line":15,"column":8},"end":{"line":15,"column":null}},"2":{"start":{"line":19,"column":8},"end":{"line":19,"column":null}},"3":{"start":{"line":27,"column":8},"end":{"line":27,"column":null}},"4":{"start":{"line":29,"column":8},"end":{"line":29,"column":null}},"5":{"start":{"line":37,"column":22},"end":{"line":37,"column":null}},"6":{"start":{"line":37,"column":58},"end":{"line":37,"column":59}},"7":{"start":{"line":38,"column":8},"end":{"line":38,"column":null}},"8":{"start":{"line":39,"column":8},"end":{"line":39,"column":null}},"9":{"start":{"line":41,"column":8},"end":{"line":41,"column":null}},"10":{"start":{"line":49,"column":8},"end":{"line":49,"column":null}},"11":{"start":{"line":56,"column":8},"end":{"line":56,"column":null}},"12":{"start":{"line":56,"column":37},"end":{"line":56,"column":47}}},"fnMap":{"0":{"name":"(anonymous_0)","decl":{"start":{"line":13,"column":4},"end":{"line":13,"column":18}},"loc":{"start":{"line":13,"column":18},"end":{"line":16,"column":null}},"line":13},"1":{"name":"(anonymous_1)","decl":{"start":{"line":18,"column":8},"end":{"line":18,"column":43}},"loc":{"start":{"line":18,"column":43},"end":{"line":20,"column":null}},"line":18},"2":{"name":"(anonymous_2)","decl":{"start":{"line":26,"column":4},"end":{"line":26,"column":15}},"loc":{"start":{"line":26,"column":33},"end":{"line":30,"column":null}},"line":26},"3":{"name":"(anonymous_3)","decl":{"start":{"line":36,"column":4},"end":{"line":36,"column":24}},"loc":{"start":{"line":36,"column":24},"end":{"line":42,"column":null}},"line":36},"4":{"name":"(anonymous_4)","decl":{"start":{"line":37,"column":53},"end":{"line":37,"column":58}},"loc":{"start":{"line":37,"column":58},"end":{"line":37,"column":59}},"line":37},"5":{"name":"(anonymous_5)","decl":{"start":{"line":48,"column":4},"end":{"line":48,"column":21}},"loc":{"start":{"line":48,"column":41},"end":{"line":50,"column":null}},"line":48},"6":{"name":"(anonymous_6)","decl":{"start":{"line":55,"column":4},"end":{"line":55,"column":17}},"loc":{"start":{"line":55,"column":17},"end":{"line":57,"column":null}},"line":55},"7":{"name":"(anonymous_7)","decl":{"start":{"line":56,"column":32},"end":{"line":56,"column":37}},"loc":{"start":{"line":56,"column":37},"end":{"line":56,"column":47}},"line":56}},"branchMap":{},"s":{"0":5,"1":5,"2":1,"3":5,"4":5,"5":3,"6":3,"7":3,"8":3,"9":3,"10":1,"11":7,"12":1},"f":{"0":5,"1":1,"2":5,"3":3,"4":3,"5":1,"6":7,"7":1},"b":{},"meta":{"lastBranch":0,"lastFunction":8,"lastStatement":13,"seen":{"f:13:4:13:18":0,"s:14:8:14:Infinity":0,"s:15:8:15:Infinity":1,"f:18:8:18:43":1,"s:19:8:19:Infinity":2,"f:26:4:26:15":2,"s:27:8:27:Infinity":3,"s:29:8:29:Infinity":4,"f:36:4:36:24":3,"s:37:22:37:Infinity":5,"f:37:53:37:58":4,"s:37:58:37:59":6,"s:38:8:38:Infinity":7,"s:39:8:39:Infinity":8,"s:41:8:41:Infinity":9,"f:48:4:48:21":5,"s:49:8:49:Infinity":10,"f:55:4:55:17":6,"s:56:8:56:Infinity":11,"f:56:32:56:37":7,"s:56:37:56:47":12}}}
,"/Users/narekveranian/Documents/02 Studies/03 UofM study materials /COMP 2452/point_of_sale/src/model/product.ts": {"path":"/Users/narekveranian/Documents/02 Studies/03 UofM study materials /COMP 2452/point_of_sale/src/model/product.ts","statementMap":{"0":{"start":{"line":12,"column":8},"end":{"line":12,"column":null}},"1":{"start":{"line":14,"column":8},"end":{"line":14,"column":null}},"2":{"start":{"line":18,"column":8},"end":{"line":18,"column":null}},"3":{"start":{"line":25,"column":8},"end":{"line":25,"column":null}}},"fnMap":{"0":{"name":"(anonymous_0)","decl":{"start":{"line":11,"column":4},"end":{"line":11,"column":16}},"loc":{"start":{"line":11,"column":31},"end":{"line":15,"column":null}},"line":11},"1":{"name":"(anonymous_1)","decl":{"start":{"line":17,"column":8},"end":{"line":17,"column":16}},"loc":{"start":{"line":17,"column":16},"end":{"line":19,"column":null}},"line":17},"2":{"name":"(anonymous_2)","decl":{"start":{"line":24,"column":4},"end":{"line":24,"column":20}},"loc":{"start":{"line":24,"column":20},"end":{"line":26,"column":null}},"line":24}},"branchMap":{},"s":{"0":5,"1":5,"2":3,"3":5},"f":{"0":5,"1":3,"2":5},"b":{},"meta":{"lastBranch":0,"lastFunction":3,"lastStatement":4,"seen":{"f:11:4:11:16":0,"s:12:8:12:Infinity":0,"s:14:8:14:Infinity":1,"f:17:8:17:16":1,"s:18:8:18:Infinity":2,"f:24:4:24:20":2,"s:25:8:25:Infinity":3}}}
,"/Users/narekveranian/Documents/02 Studies/03 UofM study materials /COMP 2452/point_of_sale/src/model/receipt.ts": {"path":"/Users/narekveranian/Documents/02 Studies/03 UofM study materials /COMP 2452/point_of_sale/src/model/receipt.ts","statementMap":{"0":{"start":{"line":13,"column":8},"end":{"line":14,"column":null}},"1":{"start":{"line":14,"column":12},"end":{"line":14,"column":null}},"2":{"start":{"line":16,"column":8},"end":{"line":16,"column":null}},"3":{"start":{"line":17,"column":8},"end":{"line":18,"column":null}},"4":{"start":{"line":18,"column":32},"end":{"line":18,"column":55}},"5":{"start":{"line":20,"column":8},"end":{"line":20,"column":null}},"6":{"start":{"line":24,"column":8},"end":{"line":24,"column":null}},"7":{"start":{"line":28,"column":8},"end":{"line":28,"column":null}},"8":{"start":{"line":35,"column":8},"end":{"line":35,"column":null}},"9":{"start":{"line":36,"column":8},"end":{"line":36,"column":null}}},"fnMap":{"0":{"name":"(anonymous_0)","decl":{"start":{"line":12,"column":4},"end":{"line":12,"column":16}},"loc":{"start":{"line":12,"column":42},"end":{"line":21,"column":null}},"line":12},"1":{"name":"(anonymous_1)","decl":{"start":{"line":18,"column":12},"end":{"line":18,"column":13}},"loc":{"start":{"line":18,"column":32},"end":{"line":18,"column":55}},"line":18},"2":{"name":"(anonymous_2)","decl":{"start":{"line":23,"column":8},"end":{"line":23,"column":43}},"loc":{"start":{"line":23,"column":43},"end":{"line":25,"column":null}},"line":23},"3":{"name":"(anonymous_3)","decl":{"start":{"line":27,"column":8},"end":{"line":27,"column":29}},"loc":{"start":{"line":27,"column":29},"end":{"line":29,"column":null}},"line":27},"4":{"name":"(anonymous_4)","decl":{"start":{"line":34,"column":4},"end":{"line":34,"column":20}},"loc":{"start":{"line":34,"column":20},"end":{"line":37,"column":null}},"line":34}},"branchMap":{"0":{"loc":{"start":{"line":13,"column":8},"end":{"line":14,"column":null}},"type":"if","locations":[{"start":{"line":13,"column":8},"end":{"line":14,"column":null}},{"start":{},"end":{}}],"line":13}},"s":{"0":3,"1":1,"2":2,"3":2,"4":3,"5":2,"6":3,"7":2,"8":2,"9":2},"f":{"0":3,"1":3,"2":3,"3":2,"4":2},"b":{"0":[1,2]},"meta":{"lastBranch":1,"lastFunction":5,"lastStatement":10,"seen":{"f:12:4:12:16":0,"b:13:8:14:Infinity:undefined:undefined:undefined:undefined":0,"s:13:8:14:Infinity":0,"s:14:12:14:Infinity":1,"s:16:8:16:Infinity":2,"s:17:8:18:Infinity":3,"f:18:12:18:13":1,"s:18:32:18:55":4,"s:20:8:20:Infinity":5,"f:23:8:23:43":2,"s:24:8:24:Infinity":6,"f:27:8:27:29":3,"s:28:8:28:Infinity":7,"f:34:4:34:20":4,"s:35:8:35:Infinity":8,"s:36:8:36:Infinity":9}}}
,"/Users/narekveranian/Documents/02 Studies/03 UofM study materials /COMP 2452/point_of_sale/src/model/running-shoes.ts": {"path":"/Users/narekveranian/Documents/02 Studies/03 UofM study materials /COMP 2452/point_of_sale/src/model/running-shoes.ts","statementMap":{"0":{"start":{"line":9,"column":8},"end":{"line":9,"column":null}}},"fnMap":{"0":{"name":"(anonymous_0)","decl":{"start":{"line":8,"column":4},"end":{"line":8,"column":16}},"loc":{"start":{"line":8,"column":31},"end":{"line":10,"column":null}},"line":8}},"branchMap":{},"s":{"0":2},"f":{"0":2},"b":{},"meta":{"lastBranch":0,"lastFunction":1,"lastStatement":1,"seen":{"f:8:4:8:16":0,"s:9:8:9:Infinity":0}}}
,"/Users/narekveranian/Documents/02 Studies/03 UofM study materials /COMP 2452/point_of_sale/src/model/tracksuit.ts": {"path":"/Users/narekveranian/Documents/02 Studies/03 UofM study materials /COMP 2452/point_of_sale/src/model/tracksuit.ts","statementMap":{"0":{"start":{"line":9,"column":8},"end":{"line":9,"column":null}}},"fnMap":{"0":{"name":"(anonymous_0)","decl":{"start":{"line":8,"column":4},"end":{"line":8,"column":16}},"loc":{"start":{"line":8,"column":31},"end":{"line":10,"column":null}},"line":8}},"branchMap":{},"s":{"0":3},"f":{"0":3},"b":{},"meta":{"lastBranch":0,"lastFunction":1,"lastStatement":1,"seen":{"f:8:4:8:16":0,"s:9:8:9:Infinity":0}}}
}
