{"/Users/narekveranian/Documents/02 Studies/03 UofM study materials /COMP 2452/point_of_sale/create-tables.sql": {"path":"/Users/narekveranian/Documents/02 Studies/03 UofM study materials /COMP 2452/point_of_sale/create-tables.sql","statementMap":{},"fnMap":{},"branchMap":{},"s":{},"f":{},"b":{},"meta":{"lastBranch":0,"lastFunction":0,"lastStatement":0,"seen":{}}}
,"/Users/narekveranian/Documents/02 Studies/03 UofM study materials /COMP 2452/point_of_sale/src/assertions.ts": {"path":"/Users/narekveranian/Documents/02 Studies/03 UofM study materials /COMP 2452/point_of_sale/src/assertions.ts","statementMap":{"0":{"start":{"line":7,"column":4},"end":{"line":7,"column":null}},"1":{"start":{"line":7,"column":13},"end":{"line":7,"column":null}},"2":{"start":{"line":12,"column":8},"end":{"line":12,"column":null}}},"fnMap":{"0":{"name":"assert","decl":{"start":{"line":6,"column":16},"end":{"line":6,"column":23}},"loc":{"start":{"line":6,"column":63},"end":{"line":8,"column":null}},"line":6},"1":{"name":"(anonymous_1)","decl":{"start":{"line":11,"column":4},"end":{"line":11,"column":16}},"loc":{"start":{"line":11,"column":33},"end":{"line":13,"column":null}},"line":11}},"branchMap":{"0":{"loc":{"start":{"line":7,"column":4},"end":{"line":7,"column":null}},"type":"if","locations":[{"start":{"line":7,"column":4},"end":{"line":7,"column":null}},{"start":{},"end":{}}],"line":7}},"s":{"0":868,"1":2,"2":4},"f":{"0":868,"1":4},"b":{"0":[2,866]},"meta":{"lastBranch":1,"lastFunction":2,"lastStatement":3,"seen":{"f:6:16:6:23":0,"b:7:4:7:Infinity:undefined:undefined:undefined:undefined":0,"s:7:4:7:Infinity":0,"s:7:13:7:Infinity":1,"f:11:4:11:16":1,"s:12:8:12:Infinity":2}}}
,"/Users/narekveranian/Documents/02 Studies/03 UofM study materials /COMP 2452/point_of_sale/src/model/account.ts": {"path":"/Users/narekveranian/Documents/02 Studies/03 UofM study materials /COMP 2452/point_of_sale/src/model/account.ts","statementMap":{"0":{"start":{"line":18,"column":24},"end":{"line":22,"column":null}},"1":{"start":{"line":24,"column":8},"end":{"line":25,"column":null}},"2":{"start":{"line":25,"column":12},"end":{"line":25,"column":null}},"3":{"start":{"line":28,"column":23},"end":{"line":28,"column":null}},"4":{"start":{"line":30,"column":27},"end":{"line":35,"column":null}},"5":{"start":{"line":37,"column":8},"end":{"line":38,"column":null}},"6":{"start":{"line":38,"column":12},"end":{"line":38,"column":null}},"7":{"start":{"line":40,"column":22},"end":{"line":40,"column":null}},"8":{"start":{"line":41,"column":8},"end":{"line":41,"column":null}},"9":{"start":{"line":43,"column":8},"end":{"line":43,"column":null}},"10":{"start":{"line":52,"column":8},"end":{"line":53,"column":null}},"11":{"start":{"line":53,"column":12},"end":{"line":53,"column":null}},"12":{"start":{"line":56,"column":27},"end":{"line":61,"column":null}},"13":{"start":{"line":63,"column":8},"end":{"line":64,"column":null}},"14":{"start":{"line":64,"column":12},"end":{"line":64,"column":null}},"15":{"start":{"line":66,"column":14},"end":{"line":66,"column":null}},"16":{"start":{"line":67,"column":23},"end":{"line":67,"column":null}},"17":{"start":{"line":69,"column":8},"end":{"line":73,"column":null}},"18":{"start":{"line":75,"column":22},"end":{"line":80,"column":null}},"19":{"start":{"line":82,"column":20},"end":{"line":82,"column":null}},"20":{"start":{"line":83,"column":8},"end":{"line":83,"column":null}},"21":{"start":{"line":85,"column":22},"end":{"line":85,"column":null}},"22":{"start":{"line":86,"column":8},"end":{"line":86,"column":null}},"23":{"start":{"line":88,"column":8},"end":{"line":88,"column":null}},"24":{"start":{"line":92,"column":8},"end":{"line":92,"column":null}},"25":{"start":{"line":93,"column":8},"end":{"line":93,"column":null}},"26":{"start":{"line":94,"column":8},"end":{"line":94,"column":null}},"27":{"start":{"line":96,"column":8},"end":{"line":96,"column":null}},"28":{"start":{"line":100,"column":8},"end":{"line":100,"column":null}},"29":{"start":{"line":102,"column":8},"end":{"line":102,"column":null}},"30":{"start":{"line":106,"column":8},"end":{"line":106,"column":null}},"31":{"start":{"line":108,"column":8},"end":{"line":108,"column":null}},"32":{"start":{"line":112,"column":8},"end":{"line":112,"column":null}},"33":{"start":{"line":120,"column":8},"end":{"line":120,"column":null}},"34":{"start":{"line":122,"column":8},"end":{"line":122,"column":null}},"35":{"start":{"line":123,"column":8},"end":{"line":123,"column":null}},"36":{"start":{"line":125,"column":8},"end":{"line":125,"column":null}},"37":{"start":{"line":129,"column":8},"end":{"line":129,"column":null}}},"fnMap":{"0":{"name":"(anonymous_0)","decl":{"start":{"line":17,"column":17},"end":{"line":17,"column":23}},"loc":{"start":{"line":17,"column":80},"end":{"line":44,"column":null}},"line":17},"1":{"name":"(anonymous_1)","decl":{"start":{"line":51,"column":17},"end":{"line":51,"column":24}},"loc":{"start":{"line":51,"column":81},"end":{"line":89,"column":null}},"line":51},"2":{"name":"(anonymous_2)","decl":{"start":{"line":91,"column":4},"end":{"line":91,"column":16}},"loc":{"start":{"line":91,"column":42},"end":{"line":97,"column":null}},"line":91},"3":{"name":"(anonymous_3)","decl":{"start":{"line":99,"column":8},"end":{"line":99,"column":15}},"loc":{"start":{"line":99,"column":15},"end":{"line":103,"column":null}},"line":99},"4":{"name":"(anonymous_4)","decl":{"start":{"line":105,"column":8},"end":{"line":105,"column":21}},"loc":{"start":{"line":105,"column":21},"end":{"line":109,"column":null}},"line":105},"5":{"name":"(anonymous_5)","decl":{"start":{"line":111,"column":8},"end":{"line":111,"column":43}},"loc":{"start":{"line":111,"column":43},"end":{"line":113,"column":null}},"line":111},"6":{"name":"(anonymous_6)","decl":{"start":{"line":119,"column":10},"end":{"line":119,"column":21}},"loc":{"start":{"line":119,"column":39},"end":{"line":126,"column":null}},"line":119},"7":{"name":"(anonymous_7)","decl":{"start":{"line":128,"column":4},"end":{"line":128,"column":20}},"loc":{"start":{"line":128,"column":20},"end":{"line":130,"column":null}},"line":128}},"branchMap":{"0":{"loc":{"start":{"line":24,"column":8},"end":{"line":25,"column":null}},"type":"if","locations":[{"start":{"line":24,"column":8},"end":{"line":25,"column":null}},{"start":{},"end":{}}],"line":24},"1":{"loc":{"start":{"line":37,"column":8},"end":{"line":38,"column":null}},"type":"if","locations":[{"start":{"line":37,"column":8},"end":{"line":38,"column":null}},{"start":{},"end":{}}],"line":37},"2":{"loc":{"start":{"line":52,"column":8},"end":{"line":53,"column":null}},"type":"if","locations":[{"start":{"line":52,"column":8},"end":{"line":53,"column":null}},{"start":{},"end":{}}],"line":52},"3":{"loc":{"start":{"line":52,"column":11},"end":{"line":52,"column":null}},"type":"binary-expr","locations":[{"start":{"line":52,"column":11},"end":{"line":52,"column":35}},{"start":{"line":52,"column":35},"end":{"line":52,"column":null}}],"line":52},"4":{"loc":{"start":{"line":63,"column":8},"end":{"line":64,"column":null}},"type":"if","locations":[{"start":{"line":63,"column":8},"end":{"line":64,"column":null}},{"start":{},"end":{}}],"line":63}},"s":{"0":9,"1":9,"2":1,"3":8,"4":8,"5":8,"6":1,"7":7,"8":7,"9":7,"10":21,"11":0,"12":21,"13":21,"14":1,"15":20,"16":20,"17":20,"18":20,"19":20,"20":20,"21":20,"22":20,"23":20,"24":27,"25":27,"26":27,"27":27,"28":2,"29":2,"30":28,"31":28,"32":7,"33":1,"34":1,"35":1,"36":1,"37":59},"f":{"0":5,"1":5,"2":27,"3":2,"4":28,"5":7,"6":1,"7":59},"b":{"0":[1,8],"1":[1,7],"2":[0,21],"3":[21,21],"4":[1,20]},"meta":{"lastBranch":5,"lastFunction":8,"lastStatement":38,"seen":{"f:17:17:17:23":0,"s:18:24:22:Infinity":0,"b:24:8:25:Infinity:undefined:undefined:undefined:undefined":0,"s:24:8:25:Infinity":1,"s:25:12:25:Infinity":2,"s:28:23:28:Infinity":3,"s:30:27:35:Infinity":4,"b:37:8:38:Infinity:undefined:undefined:undefined:undefined":1,"s:37:8:38:Infinity":5,"s:38:12:38:Infinity":6,"s:40:22:40:Infinity":7,"s:41:8:41:Infinity":8,"s:43:8:43:Infinity":9,"f:51:17:51:24":1,"b:52:8:53:Infinity:undefined:undefined:undefined:undefined":2,"s:52:8:53:Infinity":10,"b:52:11:52:35:52:35:52:Infinity":3,"s:53:12:53:Infinity":11,"s:56:27:61:Infinity":12,"b:63:8:64:Infinity:undefined:undefined:undefined:undefined":4,"s:63:8:64:Infinity":13,"s:64:12:64:Infinity":14,"s:66:14:66:Infinity":15,"s:67:23:67:Infinity":16,"s:69:8:73:Infinity":17,"s:75:22:80:Infinity":18,"s:82:20:82:Infinity":19,"s:83:8:83:Infinity":20,"s:85:22:85:Infinity":21,"s:86:8:86:Infinity":22,"s:88:8:88:Infinity":23,"f:91:4:91:16":2,"s:92:8:92:Infinity":24,"s:93:8:93:Infinity":25,"s:94:8:94:Infinity":26,"s:96:8:96:Infinity":27,"f:99:8:99:15":3,"s:100:8:100:Infinity":28,"s:102:8:102:Infinity":29,"f:105:8:105:21":4,"s:106:8:106:Infinity":30,"s:108:8:108:Infinity":31,"f:111:8:111:43":5,"s:112:8:112:Infinity":32,"f:119:10:119:21":6,"s:120:8:120:Infinity":33,"s:122:8:122:Infinity":34,"s:123:8:123:Infinity":35,"s:125:8:125:Infinity":36,"f:128:4:128:20":7,"s:129:8:129:Infinity":37}}}
,"/Users/narekveranian/Documents/02 Studies/03 UofM study materials /COMP 2452/point_of_sale/src/model/cart.ts": {"path":"/Users/narekveranian/Documents/02 Studies/03 UofM study materials /COMP 2452/point_of_sale/src/model/cart.ts","statementMap":{"0":{"start":{"line":24,"column":19},"end":{"line":24,"column":null}},"1":{"start":{"line":26,"column":22},"end":{"line":29,"column":null}},"2":{"start":{"line":30,"column":8},"end":{"line":30,"column":null}},"3":{"start":{"line":32,"column":8},"end":{"line":32,"column":null}},"4":{"start":{"line":33,"column":8},"end":{"line":33,"column":null}},"5":{"start":{"line":35,"column":8},"end":{"line":35,"column":null}},"6":{"start":{"line":39,"column":8},"end":{"line":39,"column":null}},"7":{"start":{"line":40,"column":8},"end":{"line":40,"column":null}},"8":{"start":{"line":41,"column":8},"end":{"line":41,"column":null}},"9":{"start":{"line":43,"column":8},"end":{"line":43,"column":null}},"10":{"start":{"line":47,"column":8},"end":{"line":47,"column":null}},"11":{"start":{"line":49,"column":8},"end":{"line":49,"column":null}},"12":{"start":{"line":53,"column":8},"end":{"line":53,"column":null}},"13":{"start":{"line":55,"column":8},"end":{"line":55,"column":null}},"14":{"start":{"line":59,"column":8},"end":{"line":59,"column":null}},"15":{"start":{"line":61,"column":8},"end":{"line":61,"column":null}},"16":{"start":{"line":65,"column":8},"end":{"line":65,"column":null}},"17":{"start":{"line":67,"column":8},"end":{"line":67,"column":null}},"18":{"start":{"line":69,"column":8},"end":{"line":69,"column":null}},"19":{"start":{"line":77,"column":8},"end":{"line":77,"column":null}},"20":{"start":{"line":79,"column":8},"end":{"line":79,"column":null}},"21":{"start":{"line":80,"column":8},"end":{"line":80,"column":null}},"22":{"start":{"line":82,"column":8},"end":{"line":82,"column":null}},"23":{"start":{"line":84,"column":8},"end":{"line":84,"column":null}},"24":{"start":{"line":92,"column":8},"end":{"line":92,"column":null}},"25":{"start":{"line":94,"column":8},"end":{"line":94,"column":null}},"26":{"start":{"line":95,"column":8},"end":{"line":95,"column":null}},"27":{"start":{"line":97,"column":8},"end":{"line":97,"column":null}},"28":{"start":{"line":99,"column":8},"end":{"line":99,"column":null}},"29":{"start":{"line":107,"column":8},"end":{"line":107,"column":null}},"30":{"start":{"line":109,"column":22},"end":{"line":109,"column":null}},"31":{"start":{"line":109,"column":58},"end":{"line":109,"column":59}},"32":{"start":{"line":110,"column":8},"end":{"line":110,"column":null}},"33":{"start":{"line":110,"column":35},"end":{"line":110,"column":55}},"34":{"start":{"line":112,"column":8},"end":{"line":112,"column":null}},"35":{"start":{"line":112,"column":42},"end":{"line":112,"column":69}},"36":{"start":{"line":113,"column":8},"end":{"line":113,"column":null}},"37":{"start":{"line":113,"column":41},"end":{"line":113,"column":67}},"38":{"start":{"line":114,"column":8},"end":{"line":114,"column":null}},"39":{"start":{"line":115,"column":8},"end":{"line":115,"column":null}},"40":{"start":{"line":116,"column":8},"end":{"line":116,"column":null}},"41":{"start":{"line":118,"column":8},"end":{"line":118,"column":null}},"42":{"start":{"line":120,"column":8},"end":{"line":120,"column":null}},"43":{"start":{"line":128,"column":8},"end":{"line":128,"column":null}},"44":{"start":{"line":130,"column":8},"end":{"line":130,"column":null}},"45":{"start":{"line":132,"column":8},"end":{"line":132,"column":null}},"46":{"start":{"line":139,"column":8},"end":{"line":139,"column":null}},"47":{"start":{"line":141,"column":8},"end":{"line":141,"column":null}},"48":{"start":{"line":141,"column":37},"end":{"line":141,"column":47}},"49":{"start":{"line":143,"column":8},"end":{"line":143,"column":null}},"50":{"start":{"line":150,"column":8},"end":{"line":150,"column":null}}},"fnMap":{"0":{"name":"(anonymous_0)","decl":{"start":{"line":23,"column":17},"end":{"line":23,"column":37}},"loc":{"start":{"line":23,"column":73},"end":{"line":36,"column":null}},"line":23},"1":{"name":"(anonymous_1)","decl":{"start":{"line":38,"column":4},"end":{"line":38,"column":18}},"loc":{"start":{"line":38,"column":18},"end":{"line":44,"column":null}},"line":38},"2":{"name":"(anonymous_2)","decl":{"start":{"line":46,"column":8},"end":{"line":46,"column":33}},"loc":{"start":{"line":46,"column":33},"end":{"line":50,"column":null}},"line":46},"3":{"name":"(anonymous_3)","decl":{"start":{"line":52,"column":8},"end":{"line":52,"column":43}},"loc":{"start":{"line":52,"column":43},"end":{"line":56,"column":null}},"line":52},"4":{"name":"(anonymous_4)","decl":{"start":{"line":58,"column":8},"end":{"line":58,"column":41}},"loc":{"start":{"line":58,"column":41},"end":{"line":62,"column":null}},"line":58},"5":{"name":"(anonymous_5)","decl":{"start":{"line":64,"column":8},"end":{"line":64,"column":11}},"loc":{"start":{"line":64,"column":23},"end":{"line":70,"column":null}},"line":64},"6":{"name":"(anonymous_6)","decl":{"start":{"line":76,"column":10},"end":{"line":76,"column":21}},"loc":{"start":{"line":76,"column":38},"end":{"line":85,"column":null}},"line":76},"7":{"name":"(anonymous_7)","decl":{"start":{"line":91,"column":10},"end":{"line":91,"column":20}},"loc":{"start":{"line":91,"column":35},"end":{"line":100,"column":null}},"line":91},"8":{"name":"(anonymous_8)","decl":{"start":{"line":106,"column":4},"end":{"line":106,"column":24}},"loc":{"start":{"line":106,"column":24},"end":{"line":121,"column":null}},"line":106},"9":{"name":"(anonymous_9)","decl":{"start":{"line":109,"column":53},"end":{"line":109,"column":58}},"loc":{"start":{"line":109,"column":58},"end":{"line":109,"column":59}},"line":109},"10":{"name":"(anonymous_10)","decl":{"start":{"line":110,"column":30},"end":{"line":110,"column":35}},"loc":{"start":{"line":110,"column":35},"end":{"line":110,"column":55}},"line":110},"11":{"name":"(anonymous_11)","decl":{"start":{"line":112,"column":31},"end":{"line":112,"column":37}},"loc":{"start":{"line":112,"column":42},"end":{"line":112,"column":69}},"line":112},"12":{"name":"(anonymous_12)","decl":{"start":{"line":113,"column":30},"end":{"line":113,"column":36}},"loc":{"start":{"line":113,"column":41},"end":{"line":113,"column":67}},"line":113},"13":{"name":"(anonymous_13)","decl":{"start":{"line":127,"column":4},"end":{"line":127,"column":21}},"loc":{"start":{"line":127,"column":41},"end":{"line":133,"column":null}},"line":127},"14":{"name":"(anonymous_14)","decl":{"start":{"line":138,"column":4},"end":{"line":138,"column":17}},"loc":{"start":{"line":138,"column":17},"end":{"line":144,"column":null}},"line":138},"15":{"name":"(anonymous_15)","decl":{"start":{"line":141,"column":32},"end":{"line":141,"column":37}},"loc":{"start":{"line":141,"column":37},"end":{"line":141,"column":47}},"line":141},"16":{"name":"(anonymous_16)","decl":{"start":{"line":149,"column":4},"end":{"line":149,"column":17}},"loc":{"start":{"line":149,"column":17},"end":{"line":151,"column":null}},"line":149}},"branchMap":{"0":{"loc":{"start":{"line":150,"column":16},"end":{"line":150,"column":75}},"type":"binary-expr","locations":[{"start":{"line":150,"column":16},"end":{"line":150,"column":47}},{"start":{"line":150,"column":47},"end":{"line":150,"column":75}}],"line":150}},"s":{"0":7,"1":7,"2":7,"3":7,"4":7,"5":7,"6":27,"7":27,"8":27,"9":27,"10":14,"11":14,"12":5,"13":5,"14":4,"15":4,"16":20,"17":20,"18":20,"19":9,"20":9,"21":9,"22":9,"23":9,"24":5,"25":5,"26":5,"27":4,"28":4,"29":4,"30":4,"31":4,"32":4,"33":2,"34":4,"35":4,"36":4,"37":2,"38":4,"39":4,"40":4,"41":4,"42":4,"43":1,"44":1,"45":1,"46":16,"47":16,"48":1,"49":16,"50":158},"f":{"0":5,"1":27,"2":14,"3":5,"4":4,"5":20,"6":9,"7":5,"8":4,"9":4,"10":2,"11":4,"12":2,"13":1,"14":16,"15":1,"16":158},"b":{"0":[158,91]},"meta":{"lastBranch":1,"lastFunction":17,"lastStatement":51,"seen":{"f:23:17:23:37":0,"s:24:19:24:Infinity":0,"s:26:22:29:Infinity":1,"s:30:8:30:Infinity":2,"s:32:8:32:Infinity":3,"s:33:8:33:Infinity":4,"s:35:8:35:Infinity":5,"f:38:4:38:18":1,"s:39:8:39:Infinity":6,"s:40:8:40:Infinity":7,"s:41:8:41:Infinity":8,"s:43:8:43:Infinity":9,"f:46:8:46:33":2,"s:47:8:47:Infinity":10,"s:49:8:49:Infinity":11,"f:52:8:52:43":3,"s:53:8:53:Infinity":12,"s:55:8:55:Infinity":13,"f:58:8:58:41":4,"s:59:8:59:Infinity":14,"s:61:8:61:Infinity":15,"f:64:8:64:11":5,"s:65:8:65:Infinity":16,"s:67:8:67:Infinity":17,"s:69:8:69:Infinity":18,"f:76:10:76:21":6,"s:77:8:77:Infinity":19,"s:79:8:79:Infinity":20,"s:80:8:80:Infinity":21,"s:82:8:82:Infinity":22,"s:84:8:84:Infinity":23,"f:91:10:91:20":7,"s:92:8:92:Infinity":24,"s:94:8:94:Infinity":25,"s:95:8:95:Infinity":26,"s:97:8:97:Infinity":27,"s:99:8:99:Infinity":28,"f:106:4:106:24":8,"s:107:8:107:Infinity":29,"s:109:22:109:Infinity":30,"f:109:53:109:58":9,"s:109:58:109:59":31,"s:110:8:110:Infinity":32,"f:110:30:110:35":10,"s:110:35:110:55":33,"s:112:8:112:Infinity":34,"f:112:31:112:37":11,"s:112:42:112:69":35,"s:113:8:113:Infinity":36,"f:113:30:113:36":12,"s:113:41:113:67":37,"s:114:8:114:Infinity":38,"s:115:8:115:Infinity":39,"s:116:8:116:Infinity":40,"s:118:8:118:Infinity":41,"s:120:8:120:Infinity":42,"f:127:4:127:21":13,"s:128:8:128:Infinity":43,"s:130:8:130:Infinity":44,"s:132:8:132:Infinity":45,"f:138:4:138:17":14,"s:139:8:139:Infinity":46,"s:141:8:141:Infinity":47,"f:141:32:141:37":15,"s:141:37:141:47":48,"s:143:8:143:Infinity":49,"f:149:4:149:17":16,"s:150:8:150:Infinity":50,"b:150:16:150:47:150:47:150:75":0}}}
,"/Users/narekveranian/Documents/02 Studies/03 UofM study materials /COMP 2452/point_of_sale/src/model/receipt.ts": {"path":"/Users/narekveranian/Documents/02 Studies/03 UofM study materials /COMP 2452/point_of_sale/src/model/receipt.ts","statementMap":{"0":{"start":{"line":26,"column":22},"end":{"line":33,"column":null}},"1":{"start":{"line":35,"column":8},"end":{"line":35,"column":null}},"2":{"start":{"line":37,"column":8},"end":{"line":39,"column":null}},"3":{"start":{"line":38,"column":12},"end":{"line":38,"column":null}},"4":{"start":{"line":41,"column":8},"end":{"line":43,"column":null}},"5":{"start":{"line":42,"column":12},"end":{"line":42,"column":null}},"6":{"start":{"line":45,"column":8},"end":{"line":45,"column":null}},"7":{"start":{"line":53,"column":22},"end":{"line":59,"column":null}},"8":{"start":{"line":61,"column":34},"end":{"line":61,"column":null}},"9":{"start":{"line":62,"column":8},"end":{"line":73,"column":null}},"10":{"start":{"line":62,"column":20},"end":{"line":62,"column":23}},"11":{"start":{"line":63,"column":27},"end":{"line":63,"column":null}},"12":{"start":{"line":64,"column":26},"end":{"line":64,"column":null}},"13":{"start":{"line":66,"column":26},"end":{"line":66,"column":null}},"14":{"start":{"line":67,"column":12},"end":{"line":67,"column":null}},"15":{"start":{"line":68,"column":12},"end":{"line":68,"column":null}},"16":{"start":{"line":69,"column":12},"end":{"line":69,"column":null}},"17":{"start":{"line":70,"column":12},"end":{"line":70,"column":null}},"18":{"start":{"line":72,"column":12},"end":{"line":72,"column":null}},"19":{"start":{"line":74,"column":8},"end":{"line":74,"column":null}},"20":{"start":{"line":85,"column":8},"end":{"line":86,"column":null}},"21":{"start":{"line":86,"column":12},"end":{"line":86,"column":null}},"22":{"start":{"line":88,"column":8},"end":{"line":88,"column":null}},"23":{"start":{"line":89,"column":8},"end":{"line":89,"column":null}},"24":{"start":{"line":90,"column":8},"end":{"line":90,"column":null}},"25":{"start":{"line":91,"column":8},"end":{"line":91,"column":null}},"26":{"start":{"line":92,"column":8},"end":{"line":92,"column":null}},"27":{"start":{"line":92,"column":60},"end":{"line":92,"column":90}},"28":{"start":{"line":94,"column":8},"end":{"line":94,"column":null}},"29":{"start":{"line":98,"column":8},"end":{"line":98,"column":null}},"30":{"start":{"line":100,"column":8},"end":{"line":100,"column":null}},"31":{"start":{"line":104,"column":8},"end":{"line":104,"column":null}},"32":{"start":{"line":108,"column":8},"end":{"line":108,"column":null}},"33":{"start":{"line":112,"column":8},"end":{"line":112,"column":null}},"34":{"start":{"line":114,"column":8},"end":{"line":114,"column":null}},"35":{"start":{"line":122,"column":8},"end":{"line":122,"column":null}},"36":{"start":{"line":124,"column":8},"end":{"line":124,"column":null}},"37":{"start":{"line":125,"column":8},"end":{"line":125,"column":null}},"38":{"start":{"line":127,"column":8},"end":{"line":127,"column":null}},"39":{"start":{"line":135,"column":8},"end":{"line":135,"column":null}},"40":{"start":{"line":137,"column":8},"end":{"line":137,"column":null}},"41":{"start":{"line":145,"column":8},"end":{"line":145,"column":null}},"42":{"start":{"line":147,"column":8},"end":{"line":147,"column":null}},"43":{"start":{"line":149,"column":8},"end":{"line":149,"column":null}},"44":{"start":{"line":156,"column":8},"end":{"line":156,"column":null}},"45":{"start":{"line":157,"column":8},"end":{"line":157,"column":null}},"46":{"start":{"line":158,"column":8},"end":{"line":158,"column":null}}},"fnMap":{"0":{"name":"(anonymous_0)","decl":{"start":{"line":25,"column":17},"end":{"line":25,"column":23}},"loc":{"start":{"line":25,"column":80},"end":{"line":46,"column":null}},"line":25},"1":{"name":"(anonymous_1)","decl":{"start":{"line":37,"column":33},"end":{"line":37,"column":42}},"loc":{"start":{"line":37,"column":42},"end":{"line":39,"column":9}},"line":37},"2":{"name":"(anonymous_2)","decl":{"start":{"line":41,"column":34},"end":{"line":41,"column":44}},"loc":{"start":{"line":41,"column":44},"end":{"line":43,"column":9}},"line":41},"3":{"name":"(anonymous_3)","decl":{"start":{"line":52,"column":17},"end":{"line":52,"column":33}},"loc":{"start":{"line":52,"column":74},"end":{"line":75,"column":null}},"line":52},"4":{"name":"(anonymous_4)","decl":{"start":{"line":84,"column":4},"end":{"line":84,"column":16}},"loc":{"start":{"line":84,"column":66},"end":{"line":95,"column":null}},"line":84},"5":{"name":"(anonymous_5)","decl":{"start":{"line":92,"column":48},"end":{"line":92,"column":49}},"loc":{"start":{"line":92,"column":60},"end":{"line":92,"column":90}},"line":92},"6":{"name":"(anonymous_6)","decl":{"start":{"line":97,"column":8},"end":{"line":97,"column":43}},"loc":{"start":{"line":97,"column":43},"end":{"line":101,"column":null}},"line":97},"7":{"name":"(anonymous_7)","decl":{"start":{"line":103,"column":8},"end":{"line":103,"column":41}},"loc":{"start":{"line":103,"column":41},"end":{"line":105,"column":null}},"line":103},"8":{"name":"(anonymous_8)","decl":{"start":{"line":107,"column":8},"end":{"line":107,"column":27}},"loc":{"start":{"line":107,"column":27},"end":{"line":109,"column":null}},"line":107},"9":{"name":"(anonymous_9)","decl":{"start":{"line":111,"column":8},"end":{"line":111,"column":28}},"loc":{"start":{"line":111,"column":28},"end":{"line":115,"column":null}},"line":111},"10":{"name":"(anonymous_10)","decl":{"start":{"line":121,"column":4},"end":{"line":121,"column":15}},"loc":{"start":{"line":121,"column":33},"end":{"line":128,"column":null}},"line":121},"11":{"name":"(anonymous_11)","decl":{"start":{"line":134,"column":4},"end":{"line":134,"column":14}},"loc":{"start":{"line":134,"column":30},"end":{"line":138,"column":null}},"line":134},"12":{"name":"(anonymous_12)","decl":{"start":{"line":144,"column":4},"end":{"line":144,"column":16}},"loc":{"start":{"line":144,"column":29},"end":{"line":150,"column":null}},"line":144},"13":{"name":"(anonymous_13)","decl":{"start":{"line":155,"column":4},"end":{"line":155,"column":20}},"loc":{"start":{"line":155,"column":20},"end":{"line":159,"column":null}},"line":155}},"branchMap":{"0":{"loc":{"start":{"line":85,"column":8},"end":{"line":86,"column":null}},"type":"if","locations":[{"start":{"line":85,"column":8},"end":{"line":86,"column":null}},{"start":{},"end":{}}],"line":85}},"s":{"0":1,"1":1,"2":1,"3":1,"4":1,"5":3,"6":1,"7":27,"8":27,"9":27,"10":27,"11":1,"12":1,"13":1,"14":1,"15":1,"16":1,"17":1,"18":1,"19":27,"20":7,"21":1,"22":6,"23":6,"24":6,"25":6,"26":6,"27":9,"28":6,"29":9,"30":9,"31":1,"32":3,"33":4,"34":4,"35":6,"36":6,"37":6,"38":6,"39":4,"40":4,"41":4,"42":4,"43":4,"44":39,"45":39,"46":39},"f":{"0":6,"1":1,"2":3,"3":6,"4":7,"5":9,"6":9,"7":1,"8":3,"9":4,"10":6,"11":4,"12":4,"13":39},"b":{"0":[1,6]},"meta":{"lastBranch":1,"lastFunction":14,"lastStatement":47,"seen":{"f:25:17:25:23":0,"s:26:22:33:Infinity":0,"s:35:8:35:Infinity":1,"s:37:8:39:Infinity":2,"f:37:33:37:42":1,"s:38:12:38:Infinity":3,"s:41:8:43:Infinity":4,"f:41:34:41:44":2,"s:42:12:42:Infinity":5,"s:45:8:45:Infinity":6,"f:52:17:52:33":3,"s:53:22:59:Infinity":7,"s:61:34:61:Infinity":8,"s:62:8:73:Infinity":9,"s:62:20:62:23":10,"s:63:27:63:Infinity":11,"s:64:26:64:Infinity":12,"s:66:26:66:Infinity":13,"s:67:12:67:Infinity":14,"s:68:12:68:Infinity":15,"s:69:12:69:Infinity":16,"s:70:12:70:Infinity":17,"s:72:12:72:Infinity":18,"s:74:8:74:Infinity":19,"f:84:4:84:16":4,"b:85:8:86:Infinity:undefined:undefined:undefined:undefined":0,"s:85:8:86:Infinity":20,"s:86:12:86:Infinity":21,"s:88:8:88:Infinity":22,"s:89:8:89:Infinity":23,"s:90:8:90:Infinity":24,"s:91:8:91:Infinity":25,"s:92:8:92:Infinity":26,"f:92:48:92:49":5,"s:92:60:92:90":27,"s:94:8:94:Infinity":28,"f:97:8:97:43":6,"s:98:8:98:Infinity":29,"s:100:8:100:Infinity":30,"f:103:8:103:41":7,"s:104:8:104:Infinity":31,"f:107:8:107:27":8,"s:108:8:108:Infinity":32,"f:111:8:111:28":9,"s:112:8:112:Infinity":33,"s:114:8:114:Infinity":34,"f:121:4:121:15":10,"s:122:8:122:Infinity":35,"s:124:8:124:Infinity":36,"s:125:8:125:Infinity":37,"s:127:8:127:Infinity":38,"f:134:4:134:14":11,"s:135:8:135:Infinity":39,"s:137:8:137:Infinity":40,"f:144:4:144:16":12,"s:145:8:145:Infinity":41,"s:147:8:147:Infinity":42,"s:149:8:149:Infinity":43,"f:155:4:155:20":13,"s:156:8:156:Infinity":44,"s:157:8:157:Infinity":45,"s:158:8:158:Infinity":46}}}
,"/Users/narekveranian/Documents/02 Studies/03 UofM study materials /COMP 2452/point_of_sale/src/model/assets/connection.ts": {"path":"/Users/narekveranian/Documents/02 Studies/03 UofM study materials /COMP 2452/point_of_sale/src/model/assets/connection.ts","statementMap":{"0":{"start":{"line":5,"column":10},"end":{"line":5,"column":null}},"1":{"start":{"line":6,"column":17},"end":{"line":6,"column":null}},"2":{"start":{"line":10,"column":0},"end":{"line":12,"column":null}},"3":{"start":{"line":11,"column":2},"end":{"line":11,"column":null}},"4":{"start":{"line":15,"column":2},"end":{"line":15,"column":null}}},"fnMap":{"0":{"name":"db","decl":{"start":{"line":14,"column":24},"end":{"line":14,"column":29}},"loc":{"start":{"line":14,"column":29},"end":{"line":16,"column":null}},"line":14}},"branchMap":{"0":{"loc":{"start":{"line":10,"column":0},"end":{"line":12,"column":null}},"type":"if","locations":[{"start":{"line":10,"column":0},"end":{"line":12,"column":null}},{"start":{},"end":{}}],"line":10}},"s":{"0":6,"1":6,"2":6,"3":6,"4":191},"f":{"0":191},"b":{"0":[6,0]},"meta":{"lastBranch":1,"lastFunction":1,"lastStatement":5,"seen":{"s:5:10:5:Infinity":0,"s:6:17:6:Infinity":1,"b:10:0:12:Infinity:undefined:undefined:undefined:undefined":0,"s:10:0:12:Infinity":2,"s:11:2:11:Infinity":3,"f:14:24:14:29":0,"s:15:2:15:Infinity":4}}}
,"/Users/narekveranian/Documents/02 Studies/03 UofM study materials /COMP 2452/point_of_sale/src/model/assets/storage-type.ts": {"path":"/Users/narekveranian/Documents/02 Studies/03 UofM study materials /COMP 2452/point_of_sale/src/model/assets/storage-type.ts","statementMap":{"0":{"start":{"line":6,"column":7},"end":{"line":6,"column":26}},"1":{"start":{"line":6,"column":26},"end":{"line":6,"column":41}},"2":{"start":{"line":6,"column":41},"end":{"line":6,"column":null}},"3":{"start":{"line":6,"column":12},"end":{"line":6,"column":26}}},"fnMap":{"0":{"name":"(anonymous_0)","decl":{"start":{"line":6,"column":7},"end":{"line":6,"column":12}},"loc":{"start":{"line":6,"column":7},"end":{"line":6,"column":26}},"line":6}},"branchMap":{"0":{"loc":{"start":{"line":6,"column":12},"end":{"line":6,"column":26}},"type":"binary-expr","locations":[{"start":{"line":6,"column":12},"end":{"line":6,"column":26}},{"start":{"line":6,"column":12},"end":{"line":6,"column":26}}],"line":6}},"s":{"0":6,"1":6,"2":6,"3":6},"f":{"0":6},"b":{"0":[6,6]},"meta":{"lastBranch":1,"lastFunction":1,"lastStatement":4,"seen":{"s:6:7:6:26":0,"f:6:7:6:12":0,"s:6:26:6:41":1,"s:6:41:6:Infinity":2,"s:6:12:6:26":3,"b:6:12:6:26:6:12:6:26":0}}}
,"/Users/narekveranian/Documents/02 Studies/03 UofM study materials /COMP 2452/point_of_sale/src/model/coupon/bogo.ts": {"path":"/Users/narekveranian/Documents/02 Studies/03 UofM study materials /COMP 2452/point_of_sale/src/model/coupon/bogo.ts","statementMap":{"0":{"start":{"line":14,"column":8},"end":{"line":14,"column":null}},"1":{"start":{"line":15,"column":8},"end":{"line":15,"column":null}},"2":{"start":{"line":16,"column":8},"end":{"line":16,"column":null}},"3":{"start":{"line":18,"column":8},"end":{"line":18,"column":null}},"4":{"start":{"line":28,"column":8},"end":{"line":28,"column":null}},"5":{"start":{"line":30,"column":8},"end":{"line":30,"column":null}},"6":{"start":{"line":31,"column":8},"end":{"line":31,"column":null}},"7":{"start":{"line":32,"column":8},"end":{"line":32,"column":null}},"8":{"start":{"line":34,"column":8},"end":{"line":34,"column":null}},"9":{"start":{"line":38,"column":8},"end":{"line":38,"column":null}}},"fnMap":{"0":{"name":"(anonymous_0)","decl":{"start":{"line":13,"column":4},"end":{"line":13,"column":16}},"loc":{"start":{"line":13,"column":84},"end":{"line":19,"column":null}},"line":13},"1":{"name":"(anonymous_1)","decl":{"start":{"line":27,"column":4},"end":{"line":27,"column":16}},"loc":{"start":{"line":27,"column":40},"end":{"line":35,"column":null}},"line":27},"2":{"name":"(anonymous_2)","decl":{"start":{"line":37,"column":4},"end":{"line":37,"column":18}},"loc":{"start":{"line":37,"column":18},"end":{"line":39,"column":null}},"line":37}},"branchMap":{},"s":{"0":10,"1":10,"2":10,"3":10,"4":3,"5":3,"6":3,"7":3,"8":3,"9":1},"f":{"0":10,"1":3,"2":1},"b":{},"meta":{"lastBranch":0,"lastFunction":3,"lastStatement":10,"seen":{"f:13:4:13:16":0,"s:14:8:14:Infinity":0,"s:15:8:15:Infinity":1,"s:16:8:16:Infinity":2,"s:18:8:18:Infinity":3,"f:27:4:27:16":1,"s:28:8:28:Infinity":4,"s:30:8:30:Infinity":5,"s:31:8:31:Infinity":6,"s:32:8:32:Infinity":7,"s:34:8:34:Infinity":8,"f:37:4:37:18":2,"s:38:8:38:Infinity":9}}}
,"/Users/narekveranian/Documents/02 Studies/03 UofM study materials /COMP 2452/point_of_sale/src/model/coupon/coupon.ts": {"path":"/Users/narekveranian/Documents/02 Studies/03 UofM study materials /COMP 2452/point_of_sale/src/model/coupon/coupon.ts","statementMap":{"0":{"start":{"line":22,"column":25},"end":{"line":22,"column":null}},"1":{"start":{"line":23,"column":29},"end":{"line":23,"column":null}},"2":{"start":{"line":25,"column":8},"end":{"line":32,"column":null}},"3":{"start":{"line":27,"column":16},"end":{"line":27,"column":null}},"4":{"start":{"line":29,"column":16},"end":{"line":29,"column":null}},"5":{"start":{"line":31,"column":16},"end":{"line":31,"column":null}},"6":{"start":{"line":42,"column":29},"end":{"line":49,"column":null}},"7":{"start":{"line":51,"column":22},"end":{"line":65,"column":null}},"8":{"start":{"line":67,"column":8},"end":{"line":67,"column":null}},"9":{"start":{"line":69,"column":8},"end":{"line":69,"column":null}},"10":{"start":{"line":76,"column":30},"end":{"line":85,"column":null}},"11":{"start":{"line":87,"column":37},"end":{"line":92,"column":null}},"12":{"start":{"line":94,"column":38},"end":{"line":94,"column":null}},"13":{"start":{"line":95,"column":8},"end":{"line":118,"column":null}},"14":{"start":{"line":95,"column":20},"end":{"line":95,"column":23}},"15":{"start":{"line":96,"column":22},"end":{"line":96,"column":null}},"16":{"start":{"line":98,"column":38},"end":{"line":98,"column":null}},"17":{"start":{"line":98,"column":74},"end":{"line":98,"column":95}},"18":{"start":{"line":99,"column":38},"end":{"line":99,"column":null}},"19":{"start":{"line":99,"column":74},"end":{"line":99,"column":95}},"20":{"start":{"line":102,"column":12},"end":{"line":103,"column":null}},"21":{"start":{"line":103,"column":16},"end":{"line":103,"column":null}},"22":{"start":{"line":106,"column":12},"end":{"line":107,"column":null}},"23":{"start":{"line":107,"column":16},"end":{"line":107,"column":null}},"24":{"start":{"line":109,"column":25},"end":{"line":116,"column":null}},"25":{"start":{"line":117,"column":12},"end":{"line":117,"column":null}},"26":{"start":{"line":120,"column":8},"end":{"line":120,"column":null}},"27":{"start":{"line":129,"column":37},"end":{"line":134,"column":null}},"28":{"start":{"line":136,"column":30},"end":{"line":146,"column":null}},"29":{"start":{"line":148,"column":32},"end":{"line":148,"column":null}},"30":{"start":{"line":149,"column":8},"end":{"line":173,"column":null}},"31":{"start":{"line":149,"column":20},"end":{"line":149,"column":23}},"32":{"start":{"line":150,"column":22},"end":{"line":150,"column":null}},"33":{"start":{"line":152,"column":38},"end":{"line":152,"column":null}},"34":{"start":{"line":152,"column":74},"end":{"line":152,"column":93}},"35":{"start":{"line":153,"column":37},"end":{"line":153,"column":null}},"36":{"start":{"line":153,"column":73},"end":{"line":153,"column":92}},"37":{"start":{"line":156,"column":12},"end":{"line":157,"column":null}},"38":{"start":{"line":157,"column":16},"end":{"line":157,"column":null}},"39":{"start":{"line":160,"column":12},"end":{"line":161,"column":null}},"40":{"start":{"line":161,"column":16},"end":{"line":161,"column":null}},"41":{"start":{"line":163,"column":25},"end":{"line":170,"column":null}},"42":{"start":{"line":171,"column":12},"end":{"line":171,"column":null}},"43":{"start":{"line":172,"column":12},"end":{"line":172,"column":null}},"44":{"start":{"line":175,"column":8},"end":{"line":175,"column":null}},"45":{"start":{"line":183,"column":8},"end":{"line":183,"column":null}},"46":{"start":{"line":187,"column":8},"end":{"line":187,"column":null}},"47":{"start":{"line":188,"column":8},"end":{"line":188,"column":null}},"48":{"start":{"line":190,"column":8},"end":{"line":190,"column":null}},"49":{"start":{"line":194,"column":8},"end":{"line":194,"column":null}},"50":{"start":{"line":196,"column":8},"end":{"line":196,"column":null}},"51":{"start":{"line":200,"column":8},"end":{"line":200,"column":null}},"52":{"start":{"line":202,"column":8},"end":{"line":202,"column":null}},"53":{"start":{"line":206,"column":8},"end":{"line":206,"column":null}},"54":{"start":{"line":208,"column":8},"end":{"line":208,"column":null}},"55":{"start":{"line":220,"column":8},"end":{"line":220,"column":null}},"56":{"start":{"line":221,"column":8},"end":{"line":221,"column":null}}},"fnMap":{"0":{"name":"(anonymous_0)","decl":{"start":{"line":21,"column":17},"end":{"line":21,"column":24}},"loc":{"start":{"line":21,"column":151},"end":{"line":33,"column":null}},"line":21},"1":{"name":"(anonymous_1)","decl":{"start":{"line":41,"column":17},"end":{"line":41,"column":23}},"loc":{"start":{"line":41,"column":90},"end":{"line":70,"column":null}},"line":41},"2":{"name":"(anonymous_2)","decl":{"start":{"line":75,"column":17},"end":{"line":75,"column":53}},"loc":{"start":{"line":75,"column":53},"end":{"line":121,"column":null}},"line":75},"3":{"name":"(anonymous_3)","decl":{"start":{"line":98,"column":69},"end":{"line":98,"column":74}},"loc":{"start":{"line":98,"column":74},"end":{"line":98,"column":95}},"line":98},"4":{"name":"(anonymous_4)","decl":{"start":{"line":99,"column":69},"end":{"line":99,"column":74}},"loc":{"start":{"line":99,"column":74},"end":{"line":99,"column":95}},"line":99},"5":{"name":"(anonymous_5)","decl":{"start":{"line":128,"column":17},"end":{"line":128,"column":23}},"loc":{"start":{"line":128,"column":76},"end":{"line":176,"column":null}},"line":128},"6":{"name":"(anonymous_6)","decl":{"start":{"line":152,"column":69},"end":{"line":152,"column":74}},"loc":{"start":{"line":152,"column":74},"end":{"line":152,"column":93}},"line":152},"7":{"name":"(anonymous_7)","decl":{"start":{"line":153,"column":68},"end":{"line":153,"column":73}},"loc":{"start":{"line":153,"column":73},"end":{"line":153,"column":92}},"line":153},"8":{"name":"(anonymous_8)","decl":{"start":{"line":182,"column":17},"end":{"line":182,"column":24}},"loc":{"start":{"line":182,"column":57},"end":{"line":184,"column":null}},"line":182},"9":{"name":"(anonymous_9)","decl":{"start":{"line":186,"column":14},"end":{"line":186,"column":26}},"loc":{"start":{"line":186,"column":61},"end":{"line":191,"column":null}},"line":186},"10":{"name":"(anonymous_10)","decl":{"start":{"line":193,"column":8},"end":{"line":193,"column":33}},"loc":{"start":{"line":193,"column":33},"end":{"line":197,"column":null}},"line":193},"11":{"name":"(anonymous_11)","decl":{"start":{"line":199,"column":8},"end":{"line":199,"column":15}},"loc":{"start":{"line":199,"column":15},"end":{"line":203,"column":null}},"line":199},"12":{"name":"(anonymous_12)","decl":{"start":{"line":205,"column":8},"end":{"line":205,"column":22}},"loc":{"start":{"line":205,"column":22},"end":{"line":209,"column":null}},"line":205},"13":{"name":"(anonymous_13)","decl":{"start":{"line":219,"column":14},"end":{"line":219,"column":35}},"loc":{"start":{"line":219,"column":35},"end":{"line":222,"column":null}},"line":219}},"branchMap":{"0":{"loc":{"start":{"line":25,"column":8},"end":{"line":32,"column":null}},"type":"switch","locations":[{"start":{"line":26,"column":12},"end":{"line":27,"column":null}},{"start":{"line":28,"column":12},"end":{"line":29,"column":null}},{"start":{"line":30,"column":12},"end":{"line":31,"column":null}}],"line":25},"1":{"loc":{"start":{"line":102,"column":12},"end":{"line":103,"column":null}},"type":"if","locations":[{"start":{"line":102,"column":12},"end":{"line":103,"column":null}},{"start":{},"end":{}}],"line":102},"2":{"loc":{"start":{"line":106,"column":12},"end":{"line":107,"column":null}},"type":"if","locations":[{"start":{"line":106,"column":12},"end":{"line":107,"column":null}},{"start":{},"end":{}}],"line":106},"3":{"loc":{"start":{"line":156,"column":12},"end":{"line":157,"column":null}},"type":"if","locations":[{"start":{"line":156,"column":12},"end":{"line":157,"column":null}},{"start":{},"end":{}}],"line":156},"4":{"loc":{"start":{"line":160,"column":12},"end":{"line":161,"column":null}},"type":"if","locations":[{"start":{"line":160,"column":12},"end":{"line":161,"column":null}},{"start":{},"end":{}}],"line":160}},"s":{"0":6,"1":6,"2":6,"3":3,"4":2,"5":1,"6":5,"7":5,"8":5,"9":5,"10":0,"11":0,"12":0,"13":0,"14":0,"15":0,"16":0,"17":0,"18":0,"19":0,"20":0,"21":0,"22":0,"23":0,"24":0,"25":0,"26":0,"27":8,"28":8,"29":8,"30":8,"31":8,"32":3,"33":3,"34":12,"35":3,"36":12,"37":3,"38":2,"39":3,"40":2,"41":3,"42":3,"43":3,"44":3,"45":2,"46":16,"47":16,"48":16,"49":2,"50":2,"51":13,"52":13,"53":7,"54":7,"55":56,"56":56},"f":{"0":6,"1":6,"2":6,"3":0,"4":0,"5":6,"6":12,"7":12,"8":6,"9":16,"10":2,"11":13,"12":7,"13":56},"b":{"0":[3,2,1],"1":[0,0],"2":[0,0],"3":[2,1],"4":[2,1]},"meta":{"lastBranch":5,"lastFunction":14,"lastStatement":57,"seen":{"f:21:17:21:24":0,"s:22:25:22:Infinity":0,"s:23:29:23:Infinity":1,"b:26:12:27:Infinity:28:12:29:Infinity:30:12:31:Infinity":0,"s:25:8:32:Infinity":2,"s:27:16:27:Infinity":3,"s:29:16:29:Infinity":4,"s:31:16:31:Infinity":5,"f:41:17:41:23":1,"s:42:29:49:Infinity":6,"s:51:22:65:Infinity":7,"s:67:8:67:Infinity":8,"s:69:8:69:Infinity":9,"f:75:17:75:53":2,"s:76:30:85:Infinity":10,"s:87:37:92:Infinity":11,"s:94:38:94:Infinity":12,"s:95:8:118:Infinity":13,"s:95:20:95:23":14,"s:96:22:96:Infinity":15,"s:98:38:98:Infinity":16,"f:98:69:98:74":3,"s:98:74:98:95":17,"s:99:38:99:Infinity":18,"f:99:69:99:74":4,"s:99:74:99:95":19,"b:102:12:103:Infinity:undefined:undefined:undefined:undefined":1,"s:102:12:103:Infinity":20,"s:103:16:103:Infinity":21,"b:106:12:107:Infinity:undefined:undefined:undefined:undefined":2,"s:106:12:107:Infinity":22,"s:107:16:107:Infinity":23,"s:109:25:116:Infinity":24,"s:117:12:117:Infinity":25,"s:120:8:120:Infinity":26,"f:128:17:128:23":5,"s:129:37:134:Infinity":27,"s:136:30:146:Infinity":28,"s:148:32:148:Infinity":29,"s:149:8:173:Infinity":30,"s:149:20:149:23":31,"s:150:22:150:Infinity":32,"s:152:38:152:Infinity":33,"f:152:69:152:74":6,"s:152:74:152:93":34,"s:153:37:153:Infinity":35,"f:153:68:153:73":7,"s:153:73:153:92":36,"b:156:12:157:Infinity:undefined:undefined:undefined:undefined":3,"s:156:12:157:Infinity":37,"s:157:16:157:Infinity":38,"b:160:12:161:Infinity:undefined:undefined:undefined:undefined":4,"s:160:12:161:Infinity":39,"s:161:16:161:Infinity":40,"s:163:25:170:Infinity":41,"s:171:12:171:Infinity":42,"s:172:12:172:Infinity":43,"s:175:8:175:Infinity":44,"f:182:17:182:24":8,"s:183:8:183:Infinity":45,"f:186:14:186:26":9,"s:187:8:187:Infinity":46,"s:188:8:188:Infinity":47,"s:190:8:190:Infinity":48,"f:193:8:193:33":10,"s:194:8:194:Infinity":49,"s:196:8:196:Infinity":50,"f:199:8:199:15":11,"s:200:8:200:Infinity":51,"s:202:8:202:Infinity":52,"f:205:8:205:22":12,"s:206:8:206:Infinity":53,"s:208:8:208:Infinity":54,"f:219:14:219:35":13,"s:220:8:220:Infinity":55,"s:221:8:221:Infinity":56}}}
,"/Users/narekveranian/Documents/02 Studies/03 UofM study materials /COMP 2452/point_of_sale/src/model/coupon/discount.ts": {"path":"/Users/narekveranian/Documents/02 Studies/03 UofM study materials /COMP 2452/point_of_sale/src/model/coupon/discount.ts","statementMap":{"0":{"start":{"line":9,"column":8},"end":{"line":9,"column":null}},"1":{"start":{"line":10,"column":8},"end":{"line":10,"column":null}},"2":{"start":{"line":12,"column":8},"end":{"line":12,"column":null}},"3":{"start":{"line":20,"column":8},"end":{"line":20,"column":null}},"4":{"start":{"line":21,"column":8},"end":{"line":21,"column":null}},"5":{"start":{"line":23,"column":8},"end":{"line":23,"column":null}},"6":{"start":{"line":25,"column":8},"end":{"line":25,"column":null}},"7":{"start":{"line":26,"column":8},"end":{"line":26,"column":null}},"8":{"start":{"line":30,"column":8},"end":{"line":30,"column":null}},"9":{"start":{"line":31,"column":8},"end":{"line":31,"column":null}},"10":{"start":{"line":35,"column":8},"end":{"line":35,"column":null}}},"fnMap":{"0":{"name":"(anonymous_0)","decl":{"start":{"line":8,"column":4},"end":{"line":8,"column":16}},"loc":{"start":{"line":8,"column":74},"end":{"line":13,"column":null}},"line":8},"1":{"name":"(anonymous_1)","decl":{"start":{"line":19,"column":4},"end":{"line":19,"column":16}},"loc":{"start":{"line":19,"column":40},"end":{"line":27,"column":null}},"line":19},"2":{"name":"(anonymous_2)","decl":{"start":{"line":29,"column":4},"end":{"line":29,"column":21}},"loc":{"start":{"line":29,"column":21},"end":{"line":32,"column":null}},"line":29},"3":{"name":"(anonymous_3)","decl":{"start":{"line":34,"column":4},"end":{"line":34,"column":22}},"loc":{"start":{"line":34,"column":22},"end":{"line":36,"column":null}},"line":34}},"branchMap":{},"s":{"0":6,"1":6,"2":6,"3":1,"4":1,"5":1,"6":1,"7":1,"8":8,"9":8,"10":1},"f":{"0":6,"1":1,"2":8,"3":1},"b":{},"meta":{"lastBranch":0,"lastFunction":4,"lastStatement":11,"seen":{"f:8:4:8:16":0,"s:9:8:9:Infinity":0,"s:10:8:10:Infinity":1,"s:12:8:12:Infinity":2,"f:19:4:19:16":1,"s:20:8:20:Infinity":3,"s:21:8:21:Infinity":4,"s:23:8:23:Infinity":5,"s:25:8:25:Infinity":6,"s:26:8:26:Infinity":7,"f:29:4:29:21":2,"s:30:8:30:Infinity":8,"s:31:8:31:Infinity":9,"f:34:4:34:22":3,"s:35:8:35:Infinity":10}}}
,"/Users/narekveranian/Documents/02 Studies/03 UofM study materials /COMP 2452/point_of_sale/src/model/product/product.ts": {"path":"/Users/narekveranian/Documents/02 Studies/03 UofM study materials /COMP 2452/point_of_sale/src/model/product/product.ts","statementMap":{"0":{"start":{"line":10,"column":46},"end":{"line":10,"column":null}},"1":{"start":{"line":27,"column":26},"end":{"line":27,"column":null}},"2":{"start":{"line":28,"column":27},"end":{"line":28,"column":null}},"3":{"start":{"line":29,"column":30},"end":{"line":29,"column":null}},"4":{"start":{"line":31,"column":8},"end":{"line":40,"column":null}},"5":{"start":{"line":33,"column":16},"end":{"line":33,"column":null}},"6":{"start":{"line":35,"column":16},"end":{"line":35,"column":null}},"7":{"start":{"line":37,"column":16},"end":{"line":37,"column":null}},"8":{"start":{"line":39,"column":16},"end":{"line":39,"column":null}},"9":{"start":{"line":50,"column":29},"end":{"line":52,"column":null}},"10":{"start":{"line":54,"column":22},"end":{"line":58,"column":null}},"11":{"start":{"line":60,"column":8},"end":{"line":60,"column":null}},"12":{"start":{"line":62,"column":8},"end":{"line":62,"column":null}},"13":{"start":{"line":69,"column":30},"end":{"line":74,"column":null}},"14":{"start":{"line":76,"column":40},"end":{"line":76,"column":null}},"15":{"start":{"line":77,"column":8},"end":{"line":81,"column":null}},"16":{"start":{"line":77,"column":20},"end":{"line":77,"column":23}},"17":{"start":{"line":78,"column":20},"end":{"line":78,"column":null}},"18":{"start":{"line":79,"column":26},"end":{"line":79,"column":null}},"19":{"start":{"line":80,"column":12},"end":{"line":80,"column":null}},"20":{"start":{"line":82,"column":8},"end":{"line":82,"column":null}},"21":{"start":{"line":91,"column":30},"end":{"line":96,"column":null}},"22":{"start":{"line":98,"column":31},"end":{"line":104,"column":null}},"23":{"start":{"line":106,"column":34},"end":{"line":106,"column":null}},"24":{"start":{"line":107,"column":8},"end":{"line":115,"column":null}},"25":{"start":{"line":107,"column":20},"end":{"line":107,"column":23}},"26":{"start":{"line":108,"column":22},"end":{"line":108,"column":null}},"27":{"start":{"line":109,"column":25},"end":{"line":109,"column":null}},"28":{"start":{"line":109,"column":54},"end":{"line":109,"column":73}},"29":{"start":{"line":110,"column":20},"end":{"line":110,"column":null}},"30":{"start":{"line":112,"column":12},"end":{"line":112,"column":null}},"31":{"start":{"line":114,"column":12},"end":{"line":114,"column":null}},"32":{"start":{"line":117,"column":8},"end":{"line":117,"column":null}},"33":{"start":{"line":125,"column":8},"end":{"line":125,"column":null}},"34":{"start":{"line":129,"column":8},"end":{"line":129,"column":null}},"35":{"start":{"line":130,"column":8},"end":{"line":130,"column":null}},"36":{"start":{"line":131,"column":8},"end":{"line":131,"column":null}},"37":{"start":{"line":132,"column":8},"end":{"line":132,"column":null}},"38":{"start":{"line":134,"column":8},"end":{"line":134,"column":null}},"39":{"start":{"line":138,"column":8},"end":{"line":138,"column":null}},"40":{"start":{"line":140,"column":8},"end":{"line":140,"column":null}},"41":{"start":{"line":144,"column":8},"end":{"line":144,"column":null}},"42":{"start":{"line":146,"column":8},"end":{"line":146,"column":null}},"43":{"start":{"line":150,"column":8},"end":{"line":150,"column":null}},"44":{"start":{"line":152,"column":8},"end":{"line":152,"column":null}},"45":{"start":{"line":156,"column":8},"end":{"line":156,"column":null}},"46":{"start":{"line":158,"column":8},"end":{"line":158,"column":null}},"47":{"start":{"line":162,"column":8},"end":{"line":162,"column":null}},"48":{"start":{"line":164,"column":8},"end":{"line":164,"column":null}},"49":{"start":{"line":168,"column":8},"end":{"line":169,"column":null}},"50":{"start":{"line":169,"column":12},"end":{"line":169,"column":null}},"51":{"start":{"line":171,"column":8},"end":{"line":171,"column":null}},"52":{"start":{"line":173,"column":8},"end":{"line":173,"column":null}},"53":{"start":{"line":175,"column":8},"end":{"line":175,"column":null}},"54":{"start":{"line":184,"column":8},"end":{"line":184,"column":null}},"55":{"start":{"line":185,"column":8},"end":{"line":185,"column":null}},"56":{"start":{"line":186,"column":8},"end":{"line":186,"column":null}},"57":{"start":{"line":187,"column":8},"end":{"line":187,"column":null}}},"fnMap":{"0":{"name":"(anonymous_0)","decl":{"start":{"line":26,"column":17},"end":{"line":26,"column":24}},"loc":{"start":{"line":26,"column":124},"end":{"line":41,"column":null}},"line":26},"1":{"name":"(anonymous_1)","decl":{"start":{"line":49,"column":17},"end":{"line":49,"column":23}},"loc":{"start":{"line":49,"column":93},"end":{"line":63,"column":null}},"line":49},"2":{"name":"(anonymous_2)","decl":{"start":{"line":68,"column":17},"end":{"line":68,"column":54}},"loc":{"start":{"line":68,"column":54},"end":{"line":83,"column":null}},"line":68},"3":{"name":"(anonymous_3)","decl":{"start":{"line":90,"column":17},"end":{"line":90,"column":23}},"loc":{"start":{"line":90,"column":77},"end":{"line":118,"column":null}},"line":90},"4":{"name":"(anonymous_4)","decl":{"start":{"line":109,"column":49},"end":{"line":109,"column":54}},"loc":{"start":{"line":109,"column":54},"end":{"line":109,"column":73}},"line":109},"5":{"name":"(anonymous_5)","decl":{"start":{"line":124,"column":17},"end":{"line":124,"column":24}},"loc":{"start":{"line":124,"column":58},"end":{"line":126,"column":null}},"line":124},"6":{"name":"(anonymous_6)","decl":{"start":{"line":128,"column":14},"end":{"line":128,"column":26}},"loc":{"start":{"line":128,"column":94},"end":{"line":135,"column":null}},"line":128},"7":{"name":"(anonymous_7)","decl":{"start":{"line":137,"column":8},"end":{"line":137,"column":33}},"loc":{"start":{"line":137,"column":33},"end":{"line":141,"column":null}},"line":137},"8":{"name":"(anonymous_8)","decl":{"start":{"line":143,"column":8},"end":{"line":143,"column":15}},"loc":{"start":{"line":143,"column":15},"end":{"line":147,"column":null}},"line":143},"9":{"name":"(anonymous_9)","decl":{"start":{"line":149,"column":8},"end":{"line":149,"column":22}},"loc":{"start":{"line":149,"column":22},"end":{"line":153,"column":null}},"line":149},"10":{"name":"(anonymous_10)","decl":{"start":{"line":155,"column":8},"end":{"line":155,"column":16}},"loc":{"start":{"line":155,"column":16},"end":{"line":159,"column":null}},"line":155},"11":{"name":"(anonymous_11)","decl":{"start":{"line":161,"column":8},"end":{"line":161,"column":19}},"loc":{"start":{"line":161,"column":19},"end":{"line":165,"column":null}},"line":161},"12":{"name":"(anonymous_12)","decl":{"start":{"line":167,"column":8},"end":{"line":167,"column":17}},"loc":{"start":{"line":167,"column":35},"end":{"line":176,"column":null}},"line":167},"13":{"name":"(anonymous_13)","decl":{"start":{"line":183,"column":4},"end":{"line":183,"column":20}},"loc":{"start":{"line":183,"column":20},"end":{"line":188,"column":null}},"line":183}},"branchMap":{"0":{"loc":{"start":{"line":31,"column":8},"end":{"line":40,"column":null}},"type":"switch","locations":[{"start":{"line":32,"column":12},"end":{"line":33,"column":null}},{"start":{"line":34,"column":12},"end":{"line":35,"column":null}},{"start":{"line":36,"column":12},"end":{"line":37,"column":null}},{"start":{"line":38,"column":12},"end":{"line":39,"column":null}}],"line":31},"1":{"loc":{"start":{"line":168,"column":8},"end":{"line":169,"column":null}},"type":"if","locations":[{"start":{"line":168,"column":8},"end":{"line":169,"column":null}},{"start":{},"end":{}}],"line":168}},"s":{"0":6,"1":15,"2":15,"3":15,"4":15,"5":3,"6":1,"7":10,"8":1,"9":12,"10":12,"11":12,"12":12,"13":0,"14":0,"15":0,"16":0,"17":0,"18":0,"19":0,"20":0,"21":8,"22":8,"23":8,"24":8,"25":8,"26":7,"27":7,"28":14,"29":7,"30":7,"31":7,"32":7,"33":4,"34":40,"35":40,"36":40,"37":40,"38":40,"39":4,"40":4,"41":12,"42":12,"43":3,"44":3,"45":21,"46":21,"47":19,"48":19,"49":3,"50":2,"51":1,"52":1,"53":1,"54":101,"55":101,"56":101,"57":101},"f":{"0":6,"1":6,"2":6,"3":6,"4":14,"5":6,"6":40,"7":4,"8":12,"9":3,"10":21,"11":19,"12":3,"13":101},"b":{"0":[3,1,10,1],"1":[2,1]},"meta":{"lastBranch":2,"lastFunction":14,"lastStatement":58,"seen":{"s:10:46:10:Infinity":0,"f:26:17:26:24":0,"s:27:26:27:Infinity":1,"s:28:27:28:Infinity":2,"s:29:30:29:Infinity":3,"b:32:12:33:Infinity:34:12:35:Infinity:36:12:37:Infinity:38:12:39:Infinity":0,"s:31:8:40:Infinity":4,"s:33:16:33:Infinity":5,"s:35:16:35:Infinity":6,"s:37:16:37:Infinity":7,"s:39:16:39:Infinity":8,"f:49:17:49:23":1,"s:50:29:52:Infinity":9,"s:54:22:58:Infinity":10,"s:60:8:60:Infinity":11,"s:62:8:62:Infinity":12,"f:68:17:68:54":2,"s:69:30:74:Infinity":13,"s:76:40:76:Infinity":14,"s:77:8:81:Infinity":15,"s:77:20:77:23":16,"s:78:20:78:Infinity":17,"s:79:26:79:Infinity":18,"s:80:12:80:Infinity":19,"s:82:8:82:Infinity":20,"f:90:17:90:23":3,"s:91:30:96:Infinity":21,"s:98:31:104:Infinity":22,"s:106:34:106:Infinity":23,"s:107:8:115:Infinity":24,"s:107:20:107:23":25,"s:108:22:108:Infinity":26,"s:109:25:109:Infinity":27,"f:109:49:109:54":4,"s:109:54:109:73":28,"s:110:20:110:Infinity":29,"s:112:12:112:Infinity":30,"s:114:12:114:Infinity":31,"s:117:8:117:Infinity":32,"f:124:17:124:24":5,"s:125:8:125:Infinity":33,"f:128:14:128:26":6,"s:129:8:129:Infinity":34,"s:130:8:130:Infinity":35,"s:131:8:131:Infinity":36,"s:132:8:132:Infinity":37,"s:134:8:134:Infinity":38,"f:137:8:137:33":7,"s:138:8:138:Infinity":39,"s:140:8:140:Infinity":40,"f:143:8:143:15":8,"s:144:8:144:Infinity":41,"s:146:8:146:Infinity":42,"f:149:8:149:22":9,"s:150:8:150:Infinity":43,"s:152:8:152:Infinity":44,"f:155:8:155:16":10,"s:156:8:156:Infinity":45,"s:158:8:158:Infinity":46,"f:161:8:161:19":11,"s:162:8:162:Infinity":47,"s:164:8:164:Infinity":48,"f:167:8:167:17":12,"b:168:8:169:Infinity:undefined:undefined:undefined:undefined":1,"s:168:8:169:Infinity":49,"s:169:12:169:Infinity":50,"s:171:8:171:Infinity":51,"s:173:8:173:Infinity":52,"s:175:8:175:Infinity":53,"f:183:4:183:20":13,"s:184:8:184:Infinity":54,"s:185:8:185:Infinity":55,"s:186:8:186:Infinity":56,"s:187:8:187:Infinity":57}}}
,"/Users/narekveranian/Documents/02 Studies/03 UofM study materials /COMP 2452/point_of_sale/src/model/product/shoes.ts": {"path":"/Users/narekveranian/Documents/02 Studies/03 UofM study materials /COMP 2452/point_of_sale/src/model/product/shoes.ts","statementMap":{"0":{"start":{"line":9,"column":8},"end":{"line":9,"column":null}},"1":{"start":{"line":13,"column":8},"end":{"line":13,"column":null}}},"fnMap":{"0":{"name":"(anonymous_0)","decl":{"start":{"line":8,"column":4},"end":{"line":8,"column":16}},"loc":{"start":{"line":8,"column":84},"end":{"line":10,"column":null}},"line":8},"1":{"name":"(anonymous_1)","decl":{"start":{"line":12,"column":4},"end":{"line":12,"column":21}},"loc":{"start":{"line":12,"column":21},"end":{"line":14,"column":null}},"line":12}},"branchMap":{},"s":{"0":10,"1":1},"f":{"0":10,"1":1},"b":{},"meta":{"lastBranch":0,"lastFunction":2,"lastStatement":2,"seen":{"f:8:4:8:16":0,"s:9:8:9:Infinity":0,"f:12:4:12:21":1,"s:13:8:13:Infinity":1}}}
,"/Users/narekveranian/Documents/02 Studies/03 UofM study materials /COMP 2452/point_of_sale/src/model/product/snacks.ts": {"path":"/Users/narekveranian/Documents/02 Studies/03 UofM study materials /COMP 2452/point_of_sale/src/model/product/snacks.ts","statementMap":{"0":{"start":{"line":4,"column":46},"end":{"line":4,"column":null}},"1":{"start":{"line":7,"column":8},"end":{"line":7,"column":null}},"2":{"start":{"line":11,"column":8},"end":{"line":11,"column":null}}},"fnMap":{"0":{"name":"(anonymous_0)","decl":{"start":{"line":6,"column":4},"end":{"line":6,"column":16}},"loc":{"start":{"line":6,"column":84},"end":{"line":8,"column":null}},"line":6},"1":{"name":"(anonymous_1)","decl":{"start":{"line":10,"column":4},"end":{"line":10,"column":20}},"loc":{"start":{"line":10,"column":20},"end":{"line":12,"column":null}},"line":10}},"branchMap":{},"s":{"0":4,"1":3,"2":1},"f":{"0":3,"1":1},"b":{},"meta":{"lastBranch":0,"lastFunction":2,"lastStatement":3,"seen":{"s:4:46:4:Infinity":0,"f:6:4:6:16":0,"s:7:8:7:Infinity":1,"f:10:4:10:20":1,"s:11:8:11:Infinity":2}}}
,"/Users/narekveranian/Documents/02 Studies/03 UofM study materials /COMP 2452/point_of_sale/src/model/product/tracksuit.ts": {"path":"/Users/narekveranian/Documents/02 Studies/03 UofM study materials /COMP 2452/point_of_sale/src/model/product/tracksuit.ts","statementMap":{"0":{"start":{"line":9,"column":8},"end":{"line":9,"column":null}},"1":{"start":{"line":13,"column":8},"end":{"line":13,"column":null}}},"fnMap":{"0":{"name":"(anonymous_0)","decl":{"start":{"line":8,"column":4},"end":{"line":8,"column":16}},"loc":{"start":{"line":8,"column":84},"end":{"line":10,"column":null}},"line":8},"1":{"name":"(anonymous_1)","decl":{"start":{"line":12,"column":4},"end":{"line":12,"column":23}},"loc":{"start":{"line":12,"column":23},"end":{"line":14,"column":null}},"line":12}},"branchMap":{},"s":{"0":27,"1":1},"f":{"0":27,"1":1},"b":{},"meta":{"lastBranch":0,"lastFunction":2,"lastStatement":2,"seen":{"f:8:4:8:16":0,"s:9:8:9:Infinity":0,"f:12:4:12:23":1,"s:13:8:13:Infinity":1}}}
}
